Determining if the pthread_create exist failed with the following output:
Change Dir: /home/student/test_ws/build/socketcan_bridge/CMakeFiles/CMakeTmp

Run Build Command:"/usr/bin/make" "cmTC_b9d4e/fast"
/usr/bin/make -f CMakeFiles/cmTC_b9d4e.dir/build.make CMakeFiles/cmTC_b9d4e.dir/build
make[1]: Map '/home/student/test_ws/build/socketcan_bridge/CMakeFiles/CMakeTmp' wordt binnengegaan
Building C object CMakeFiles/cmTC_b9d4e.dir/CheckSymbolExists.c.o
/usr/bin/cc    -o CMakeFiles/cmTC_b9d4e.dir/CheckSymbolExists.c.o   -c /home/student/test_ws/build/socketcan_bridge/CMakeFiles/CMakeTmp/CheckSymbolExists.c
Linking C executable cmTC_b9d4e
/usr/bin/cmake -E cmake_link_script CMakeFiles/cmTC_b9d4e.dir/link.txt --verbose=1
/usr/bin/cc      -rdynamic CMakeFiles/cmTC_b9d4e.dir/CheckSymbolExists.c.o  -o cmTC_b9d4e 
CMakeFiles/cmTC_b9d4e.dir/CheckSymbolExists.c.o: In function `main':
CheckSymbolExists.c:(.text+0x1b): undefined reference to `pthread_create'
collect2: error: ld returned 1 exit status
CMakeFiles/cmTC_b9d4e.dir/build.make:97: recipe for target 'cmTC_b9d4e' failed
make[1]: *** [cmTC_b9d4e] Error 1
make[1]: Map '/home/student/test_ws/build/socketcan_bridge/CMakeFiles/CMakeTmp' wordt verlaten
Makefile:126: recipe for target 'cmTC_b9d4e/fast' failed
make: *** [cmTC_b9d4e/fast] Error 2

File /home/student/test_ws/build/socketcan_bridge/CMakeFiles/CMakeTmp/CheckSymbolExists.c:
/* */
#include <pthread.h>

int main(int argc, char** argv)
{
  (void)argv;
#ifndef pthread_create
  return ((int*)(&pthread_create))[argc];
#else
  (void)argc;
  return 0;
#endif
}

Determining if the function pthread_create exists in the pthreads failed with the following output:
Change Dir: /home/student/test_ws/build/socketcan_bridge/CMakeFiles/CMakeTmp

Run Build Command:"/usr/bin/make" "cmTC_9c446/fast"
/usr/bin/make -f CMakeFiles/cmTC_9c446.dir/build.make CMakeFiles/cmTC_9c446.dir/build
make[1]: Map '/home/student/test_ws/build/socketcan_bridge/CMakeFiles/CMakeTmp' wordt binnengegaan
Building C object CMakeFiles/cmTC_9c446.dir/CheckFunctionExists.c.o
/usr/bin/cc   -DCHECK_FUNCTION_EXISTS=pthread_create   -o CMakeFiles/cmTC_9c446.dir/CheckFunctionExists.c.o   -c /usr/share/cmake-3.10/Modules/CheckFunctionExists.c
Linking C executable cmTC_9c446
/usr/bin/cmake -E cmake_link_script CMakeFiles/cmTC_9c446.dir/link.txt --verbose=1
/usr/bin/cc  -DCHECK_FUNCTION_EXISTS=pthread_create    -rdynamic CMakeFiles/cmTC_9c446.dir/CheckFunctionExists.c.o  -o cmTC_9c446 -lpthreads 
/usr/bin/ld: cannot find -lpthreads
collect2: error: ld returned 1 exit status
CMakeFiles/cmTC_9c446.dir/build.make:97: recipe for target 'cmTC_9c446' failed
make[1]: *** [cmTC_9c446] Error 1
make[1]: Map '/home/student/test_ws/build/socketcan_bridge/CMakeFiles/CMakeTmp' wordt verlaten
Makefile:126: recipe for target 'cmTC_9c446/fast' failed
make: *** [cmTC_9c446/fast] Error 2


