Determining if the pthread_create exist failed with the following output:
Change Dir: /home/student/test_ws/build/can_msgs/CMakeFiles/CMakeTmp

Run Build Command:"/usr/bin/make" "cmTC_87f3f/fast"
/usr/bin/make -f CMakeFiles/cmTC_87f3f.dir/build.make CMakeFiles/cmTC_87f3f.dir/build
make[1]: Map '/home/student/test_ws/build/can_msgs/CMakeFiles/CMakeTmp' wordt binnengegaan
Building C object CMakeFiles/cmTC_87f3f.dir/CheckSymbolExists.c.o
/usr/bin/cc    -o CMakeFiles/cmTC_87f3f.dir/CheckSymbolExists.c.o   -c /home/student/test_ws/build/can_msgs/CMakeFiles/CMakeTmp/CheckSymbolExists.c
Linking C executable cmTC_87f3f
/usr/bin/cmake -E cmake_link_script CMakeFiles/cmTC_87f3f.dir/link.txt --verbose=1
/usr/bin/cc      -rdynamic CMakeFiles/cmTC_87f3f.dir/CheckSymbolExists.c.o  -o cmTC_87f3f 
CMakeFiles/cmTC_87f3f.dir/CheckSymbolExists.c.o: In function `main':
CheckSymbolExists.c:(.text+0x1b): undefined reference to `pthread_create'
collect2: error: ld returned 1 exit status
CMakeFiles/cmTC_87f3f.dir/build.make:97: recipe for target 'cmTC_87f3f' failed
make[1]: *** [cmTC_87f3f] Error 1
make[1]: Map '/home/student/test_ws/build/can_msgs/CMakeFiles/CMakeTmp' wordt verlaten
Makefile:126: recipe for target 'cmTC_87f3f/fast' failed
make: *** [cmTC_87f3f/fast] Error 2

File /home/student/test_ws/build/can_msgs/CMakeFiles/CMakeTmp/CheckSymbolExists.c:
/* */
#include <pthread.h>

int main(int argc, char** argv)
{
  (void)argv;
#ifndef pthread_create
  return ((int*)(&pthread_create))[argc];
#else
  (void)argc;
  return 0;
#endif
}

Determining if the function pthread_create exists in the pthreads failed with the following output:
Change Dir: /home/student/test_ws/build/can_msgs/CMakeFiles/CMakeTmp

Run Build Command:"/usr/bin/make" "cmTC_14d34/fast"
/usr/bin/make -f CMakeFiles/cmTC_14d34.dir/build.make CMakeFiles/cmTC_14d34.dir/build
make[1]: Map '/home/student/test_ws/build/can_msgs/CMakeFiles/CMakeTmp' wordt binnengegaan
Building C object CMakeFiles/cmTC_14d34.dir/CheckFunctionExists.c.o
/usr/bin/cc   -DCHECK_FUNCTION_EXISTS=pthread_create   -o CMakeFiles/cmTC_14d34.dir/CheckFunctionExists.c.o   -c /usr/share/cmake-3.10/Modules/CheckFunctionExists.c
Linking C executable cmTC_14d34
/usr/bin/cmake -E cmake_link_script CMakeFiles/cmTC_14d34.dir/link.txt --verbose=1
/usr/bin/cc  -DCHECK_FUNCTION_EXISTS=pthread_create    -rdynamic CMakeFiles/cmTC_14d34.dir/CheckFunctionExists.c.o  -o cmTC_14d34 -lpthreads 
/usr/bin/ld: cannot find -lpthreads
collect2: error: ld returned 1 exit status
CMakeFiles/cmTC_14d34.dir/build.make:97: recipe for target 'cmTC_14d34' failed
make[1]: *** [cmTC_14d34] Error 1
make[1]: Map '/home/student/test_ws/build/can_msgs/CMakeFiles/CMakeTmp' wordt verlaten
Makefile:126: recipe for target 'cmTC_14d34/fast' failed
make: *** [cmTC_14d34/fast] Error 2


