Determining if the pthread_create exist failed with the following output:
Change Dir: /home/student/test_ws/build/diff_drive_controller/CMakeFiles/CMakeTmp

Run Build Command:"/usr/bin/make" "cmTC_fe6eb/fast"
/usr/bin/make -f CMakeFiles/cmTC_fe6eb.dir/build.make CMakeFiles/cmTC_fe6eb.dir/build
make[1]: Map '/home/student/test_ws/build/diff_drive_controller/CMakeFiles/CMakeTmp' wordt binnengegaan
Building C object CMakeFiles/cmTC_fe6eb.dir/CheckSymbolExists.c.o
/usr/bin/cc    -o CMakeFiles/cmTC_fe6eb.dir/CheckSymbolExists.c.o   -c /home/student/test_ws/build/diff_drive_controller/CMakeFiles/CMakeTmp/CheckSymbolExists.c
Linking C executable cmTC_fe6eb
/usr/bin/cmake -E cmake_link_script CMakeFiles/cmTC_fe6eb.dir/link.txt --verbose=1
/usr/bin/cc      -rdynamic CMakeFiles/cmTC_fe6eb.dir/CheckSymbolExists.c.o  -o cmTC_fe6eb 
CMakeFiles/cmTC_fe6eb.dir/CheckSymbolExists.c.o: In function `main':
CheckSymbolExists.c:(.text+0x1b): undefined reference to `pthread_create'
collect2: error: ld returned 1 exit status
CMakeFiles/cmTC_fe6eb.dir/build.make:97: recipe for target 'cmTC_fe6eb' failed
make[1]: *** [cmTC_fe6eb] Error 1
make[1]: Map '/home/student/test_ws/build/diff_drive_controller/CMakeFiles/CMakeTmp' wordt verlaten
Makefile:126: recipe for target 'cmTC_fe6eb/fast' failed
make: *** [cmTC_fe6eb/fast] Error 2

File /home/student/test_ws/build/diff_drive_controller/CMakeFiles/CMakeTmp/CheckSymbolExists.c:
/* */
#include <pthread.h>

int main(int argc, char** argv)
{
  (void)argv;
#ifndef pthread_create
  return ((int*)(&pthread_create))[argc];
#else
  (void)argc;
  return 0;
#endif
}

Determining if the function pthread_create exists in the pthreads failed with the following output:
Change Dir: /home/student/test_ws/build/diff_drive_controller/CMakeFiles/CMakeTmp

Run Build Command:"/usr/bin/make" "cmTC_c24fd/fast"
/usr/bin/make -f CMakeFiles/cmTC_c24fd.dir/build.make CMakeFiles/cmTC_c24fd.dir/build
make[1]: Map '/home/student/test_ws/build/diff_drive_controller/CMakeFiles/CMakeTmp' wordt binnengegaan
Building C object CMakeFiles/cmTC_c24fd.dir/CheckFunctionExists.c.o
/usr/bin/cc   -DCHECK_FUNCTION_EXISTS=pthread_create   -o CMakeFiles/cmTC_c24fd.dir/CheckFunctionExists.c.o   -c /usr/share/cmake-3.10/Modules/CheckFunctionExists.c
Linking C executable cmTC_c24fd
/usr/bin/cmake -E cmake_link_script CMakeFiles/cmTC_c24fd.dir/link.txt --verbose=1
/usr/bin/cc  -DCHECK_FUNCTION_EXISTS=pthread_create    -rdynamic CMakeFiles/cmTC_c24fd.dir/CheckFunctionExists.c.o  -o cmTC_c24fd -lpthreads 
/usr/bin/ld: cannot find -lpthreads
collect2: error: ld returned 1 exit status
CMakeFiles/cmTC_c24fd.dir/build.make:97: recipe for target 'cmTC_c24fd' failed
make[1]: *** [cmTC_c24fd] Error 1
make[1]: Map '/home/student/test_ws/build/diff_drive_controller/CMakeFiles/CMakeTmp' wordt verlaten
Makefile:126: recipe for target 'cmTC_c24fd/fast' failed
make: *** [cmTC_c24fd/fast] Error 2


