Determining if the pthread_create exist failed with the following output:
Change Dir: /home/student/test_ws/build/canopen_motor_node/CMakeFiles/CMakeTmp

Run Build Command:"/usr/bin/make" "cmTC_67a3e/fast"
/usr/bin/make -f CMakeFiles/cmTC_67a3e.dir/build.make CMakeFiles/cmTC_67a3e.dir/build
make[1]: Map '/home/student/test_ws/build/canopen_motor_node/CMakeFiles/CMakeTmp' wordt binnengegaan
Building C object CMakeFiles/cmTC_67a3e.dir/CheckSymbolExists.c.o
/usr/bin/cc    -o CMakeFiles/cmTC_67a3e.dir/CheckSymbolExists.c.o   -c /home/student/test_ws/build/canopen_motor_node/CMakeFiles/CMakeTmp/CheckSymbolExists.c
Linking C executable cmTC_67a3e
/usr/bin/cmake -E cmake_link_script CMakeFiles/cmTC_67a3e.dir/link.txt --verbose=1
/usr/bin/cc      -rdynamic CMakeFiles/cmTC_67a3e.dir/CheckSymbolExists.c.o  -o cmTC_67a3e 
CMakeFiles/cmTC_67a3e.dir/CheckSymbolExists.c.o: In function `main':
CheckSymbolExists.c:(.text+0x1b): undefined reference to `pthread_create'
collect2: error: ld returned 1 exit status
CMakeFiles/cmTC_67a3e.dir/build.make:97: recipe for target 'cmTC_67a3e' failed
make[1]: *** [cmTC_67a3e] Error 1
make[1]: Map '/home/student/test_ws/build/canopen_motor_node/CMakeFiles/CMakeTmp' wordt verlaten
Makefile:126: recipe for target 'cmTC_67a3e/fast' failed
make: *** [cmTC_67a3e/fast] Error 2

File /home/student/test_ws/build/canopen_motor_node/CMakeFiles/CMakeTmp/CheckSymbolExists.c:
/* */
#include <pthread.h>

int main(int argc, char** argv)
{
  (void)argv;
#ifndef pthread_create
  return ((int*)(&pthread_create))[argc];
#else
  (void)argc;
  return 0;
#endif
}

Determining if the function pthread_create exists in the pthreads failed with the following output:
Change Dir: /home/student/test_ws/build/canopen_motor_node/CMakeFiles/CMakeTmp

Run Build Command:"/usr/bin/make" "cmTC_efd3b/fast"
/usr/bin/make -f CMakeFiles/cmTC_efd3b.dir/build.make CMakeFiles/cmTC_efd3b.dir/build
make[1]: Map '/home/student/test_ws/build/canopen_motor_node/CMakeFiles/CMakeTmp' wordt binnengegaan
Building C object CMakeFiles/cmTC_efd3b.dir/CheckFunctionExists.c.o
/usr/bin/cc   -DCHECK_FUNCTION_EXISTS=pthread_create   -o CMakeFiles/cmTC_efd3b.dir/CheckFunctionExists.c.o   -c /usr/share/cmake-3.10/Modules/CheckFunctionExists.c
Linking C executable cmTC_efd3b
/usr/bin/cmake -E cmake_link_script CMakeFiles/cmTC_efd3b.dir/link.txt --verbose=1
/usr/bin/cc  -DCHECK_FUNCTION_EXISTS=pthread_create    -rdynamic CMakeFiles/cmTC_efd3b.dir/CheckFunctionExists.c.o  -o cmTC_efd3b -lpthreads 
/usr/bin/ld: cannot find -lpthreads
collect2: error: ld returned 1 exit status
CMakeFiles/cmTC_efd3b.dir/build.make:97: recipe for target 'cmTC_efd3b' failed
make[1]: *** [cmTC_efd3b] Error 1
make[1]: Map '/home/student/test_ws/build/canopen_motor_node/CMakeFiles/CMakeTmp' wordt verlaten
Makefile:126: recipe for target 'cmTC_efd3b/fast' failed
make: *** [cmTC_efd3b/fast] Error 2


