Determining if the pthread_create exist failed with the following output:
Change Dir: /home/student/test_ws/build/catkin_tools_prebuild/CMakeFiles/CMakeTmp

Run Build Command:"/usr/bin/make" "cmTC_8dcbe/fast"
/usr/bin/make -f CMakeFiles/cmTC_8dcbe.dir/build.make CMakeFiles/cmTC_8dcbe.dir/build
make[1]: Map '/home/student/test_ws/build/catkin_tools_prebuild/CMakeFiles/CMakeTmp' wordt binnengegaan
Building C object CMakeFiles/cmTC_8dcbe.dir/CheckSymbolExists.c.o
/usr/bin/cc    -o CMakeFiles/cmTC_8dcbe.dir/CheckSymbolExists.c.o   -c /home/student/test_ws/build/catkin_tools_prebuild/CMakeFiles/CMakeTmp/CheckSymbolExists.c
Linking C executable cmTC_8dcbe
/usr/bin/cmake -E cmake_link_script CMakeFiles/cmTC_8dcbe.dir/link.txt --verbose=1
/usr/bin/cc      -rdynamic CMakeFiles/cmTC_8dcbe.dir/CheckSymbolExists.c.o  -o cmTC_8dcbe 
CMakeFiles/cmTC_8dcbe.dir/CheckSymbolExists.c.o: In function `main':
CheckSymbolExists.c:(.text+0x1b): undefined reference to `pthread_create'
collect2: error: ld returned 1 exit status
CMakeFiles/cmTC_8dcbe.dir/build.make:97: recipe for target 'cmTC_8dcbe' failed
make[1]: *** [cmTC_8dcbe] Error 1
make[1]: Map '/home/student/test_ws/build/catkin_tools_prebuild/CMakeFiles/CMakeTmp' wordt verlaten
Makefile:126: recipe for target 'cmTC_8dcbe/fast' failed
make: *** [cmTC_8dcbe/fast] Error 2

File /home/student/test_ws/build/catkin_tools_prebuild/CMakeFiles/CMakeTmp/CheckSymbolExists.c:
/* */
#include <pthread.h>

int main(int argc, char** argv)
{
  (void)argv;
#ifndef pthread_create
  return ((int*)(&pthread_create))[argc];
#else
  (void)argc;
  return 0;
#endif
}

Determining if the function pthread_create exists in the pthreads failed with the following output:
Change Dir: /home/student/test_ws/build/catkin_tools_prebuild/CMakeFiles/CMakeTmp

Run Build Command:"/usr/bin/make" "cmTC_ed984/fast"
/usr/bin/make -f CMakeFiles/cmTC_ed984.dir/build.make CMakeFiles/cmTC_ed984.dir/build
make[1]: Map '/home/student/test_ws/build/catkin_tools_prebuild/CMakeFiles/CMakeTmp' wordt binnengegaan
Building C object CMakeFiles/cmTC_ed984.dir/CheckFunctionExists.c.o
/usr/bin/cc   -DCHECK_FUNCTION_EXISTS=pthread_create   -o CMakeFiles/cmTC_ed984.dir/CheckFunctionExists.c.o   -c /usr/share/cmake-3.10/Modules/CheckFunctionExists.c
Linking C executable cmTC_ed984
/usr/bin/cmake -E cmake_link_script CMakeFiles/cmTC_ed984.dir/link.txt --verbose=1
/usr/bin/cc  -DCHECK_FUNCTION_EXISTS=pthread_create    -rdynamic CMakeFiles/cmTC_ed984.dir/CheckFunctionExists.c.o  -o cmTC_ed984 -lpthreads 
/usr/bin/ld: cannot find -lpthreads
collect2: error: ld returned 1 exit status
CMakeFiles/cmTC_ed984.dir/build.make:97: recipe for target 'cmTC_ed984' failed
make[1]: *** [cmTC_ed984] Error 1
make[1]: Map '/home/student/test_ws/build/catkin_tools_prebuild/CMakeFiles/CMakeTmp' wordt verlaten
Makefile:126: recipe for target 'cmTC_ed984/fast' failed
make: *** [cmTC_ed984/fast] Error 2


