[  0%] Built target std_msgs_generate_messages_py
[  0%] Built target std_msgs_generate_messages_eus
[  0%] Built target std_msgs_generate_messages_nodejs
[  0%] Built target rosgraph_msgs_generate_messages_nodejs
[  0%] Built target std_msgs_generate_messages_cpp
[  0%] Built target rosgraph_msgs_generate_messages_lisp
[  0%] Built target std_msgs_generate_messages_lisp
[  0%] Built target rosgraph_msgs_generate_messages_py
[  0%] Built target rosgraph_msgs_generate_messages_eus
[  0%] Built target roscpp_generate_messages_py
[  0%] Built target rosgraph_msgs_generate_messages_cpp
[  0%] Built target _robotiq_ft_sensor_generate_messages_check_deps_ft_sensor
[  0%] Built target _robotiq_ft_sensor_generate_messages_check_deps_sensor_accessor
[  0%] Built target roscpp_generate_messages_nodejs
[  0%] Built target roscpp_generate_messages_eus
[  0%] Built target roscpp_generate_messages_cpp
[  0%] Built target roscpp_generate_messages_lisp
[ 10%] Built target robotiq_ft_sensor_generate_messages_cpp
[ 31%] Built target robotiq_ft_sensor_generate_messages_py
[ 42%] Built target robotiq_ft_sensor_generate_messages_nodejs
[ 52%] Built target robotiq_ft_sensor_generate_messages_lisp
[ 52%] Built target robotiq_ft_sensor_gencpp
[ 68%] Built target robotiq_ft_sensor_generate_messages_eus
[ 78%] Built target rq_test_sensor
[ 78%] Built target robotiq_ft_sensor_generate_messages
[100%] Built target rq_sensor
