Linked: (/home/student/test_ws/devel/.private/robotiq_ft_sensor/include/robotiq_ft_sensor/sensor_accessor.h, /home/student/test_ws/devel/include/robotiq_ft_sensor/sensor_accessor.h)
Linked: (/home/student/test_ws/devel/.private/robotiq_ft_sensor/include/robotiq_ft_sensor/sensor_accessorRequest.h, /home/student/test_ws/devel/include/robotiq_ft_sensor/sensor_accessorRequest.h)
Linked: (/home/student/test_ws/devel/.private/robotiq_ft_sensor/include/robotiq_ft_sensor/ft_sensor.h, /home/student/test_ws/devel/include/robotiq_ft_sensor/ft_sensor.h)
Linked: (/home/student/test_ws/devel/.private/robotiq_ft_sensor/include/robotiq_ft_sensor/sensor_accessorResponse.h, /home/student/test_ws/devel/include/robotiq_ft_sensor/sensor_accessorResponse.h)
Linked: (/home/student/test_ws/devel/.private/robotiq_ft_sensor/lib/robotiq_ft_sensor/rq_sensor, /home/student/test_ws/devel/lib/robotiq_ft_sensor/rq_sensor)
Linked: (/home/student/test_ws/devel/.private/robotiq_ft_sensor/lib/robotiq_ft_sensor/rq_test_sensor, /home/student/test_ws/devel/lib/robotiq_ft_sensor/rq_test_sensor)
Linked: (/home/student/test_ws/devel/.private/robotiq_ft_sensor/lib/pkgconfig/robotiq_ft_sensor.pc, /home/student/test_ws/devel/lib/pkgconfig/robotiq_ft_sensor.pc)
Linked: (/home/student/test_ws/devel/.private/robotiq_ft_sensor/lib/python2.7/dist-packages/robotiq_ft_sensor/__init__.py, /home/student/test_ws/devel/lib/python2.7/dist-packages/robotiq_ft_sensor/__init__.py)
Linked: (/home/student/test_ws/devel/.private/robotiq_ft_sensor/lib/python2.7/dist-packages/robotiq_ft_sensor/srv/_sensor_accessor.py, /home/student/test_ws/devel/lib/python2.7/dist-packages/robotiq_ft_sensor/srv/_sensor_accessor.py)
Linked: (/home/student/test_ws/devel/.private/robotiq_ft_sensor/lib/python2.7/dist-packages/robotiq_ft_sensor/srv/__init__.py, /home/student/test_ws/devel/lib/python2.7/dist-packages/robotiq_ft_sensor/srv/__init__.py)
Linked: (/home/student/test_ws/devel/.private/robotiq_ft_sensor/lib/python2.7/dist-packages/robotiq_ft_sensor/msg/_ft_sensor.py, /home/student/test_ws/devel/lib/python2.7/dist-packages/robotiq_ft_sensor/msg/_ft_sensor.py)
Linked: (/home/student/test_ws/devel/.private/robotiq_ft_sensor/lib/python2.7/dist-packages/robotiq_ft_sensor/msg/__init__.py, /home/student/test_ws/devel/lib/python2.7/dist-packages/robotiq_ft_sensor/msg/__init__.py)
Linked: (/home/student/test_ws/devel/.private/robotiq_ft_sensor/share/roseus/ros/robotiq_ft_sensor/manifest.l, /home/student/test_ws/devel/share/roseus/ros/robotiq_ft_sensor/manifest.l)
Linked: (/home/student/test_ws/devel/.private/robotiq_ft_sensor/share/roseus/ros/robotiq_ft_sensor/srv/sensor_accessor.l, /home/student/test_ws/devel/share/roseus/ros/robotiq_ft_sensor/srv/sensor_accessor.l)
Linked: (/home/student/test_ws/devel/.private/robotiq_ft_sensor/share/roseus/ros/robotiq_ft_sensor/msg/ft_sensor.l, /home/student/test_ws/devel/share/roseus/ros/robotiq_ft_sensor/msg/ft_sensor.l)
Linked: (/home/student/test_ws/devel/.private/robotiq_ft_sensor/share/robotiq_ft_sensor/cmake/robotiq_ft_sensor-msg-paths.cmake, /home/student/test_ws/devel/share/robotiq_ft_sensor/cmake/robotiq_ft_sensor-msg-paths.cmake)
Linked: (/home/student/test_ws/devel/.private/robotiq_ft_sensor/share/robotiq_ft_sensor/cmake/robotiq_ft_sensorConfig.cmake, /home/student/test_ws/devel/share/robotiq_ft_sensor/cmake/robotiq_ft_sensorConfig.cmake)
Linked: (/home/student/test_ws/devel/.private/robotiq_ft_sensor/share/robotiq_ft_sensor/cmake/robotiq_ft_sensorConfig-version.cmake, /home/student/test_ws/devel/share/robotiq_ft_sensor/cmake/robotiq_ft_sensorConfig-version.cmake)
Linked: (/home/student/test_ws/devel/.private/robotiq_ft_sensor/share/robotiq_ft_sensor/cmake/robotiq_ft_sensor-msg-extras.cmake, /home/student/test_ws/devel/share/robotiq_ft_sensor/cmake/robotiq_ft_sensor-msg-extras.cmake)
Linked: (/home/student/test_ws/devel/.private/robotiq_ft_sensor/share/gennodejs/ros/robotiq_ft_sensor/_index.js, /home/student/test_ws/devel/share/gennodejs/ros/robotiq_ft_sensor/_index.js)
Linked: (/home/student/test_ws/devel/.private/robotiq_ft_sensor/share/gennodejs/ros/robotiq_ft_sensor/srv/sensor_accessor.js, /home/student/test_ws/devel/share/gennodejs/ros/robotiq_ft_sensor/srv/sensor_accessor.js)
Linked: (/home/student/test_ws/devel/.private/robotiq_ft_sensor/share/gennodejs/ros/robotiq_ft_sensor/srv/_index.js, /home/student/test_ws/devel/share/gennodejs/ros/robotiq_ft_sensor/srv/_index.js)
Linked: (/home/student/test_ws/devel/.private/robotiq_ft_sensor/share/gennodejs/ros/robotiq_ft_sensor/msg/ft_sensor.js, /home/student/test_ws/devel/share/gennodejs/ros/robotiq_ft_sensor/msg/ft_sensor.js)
Linked: (/home/student/test_ws/devel/.private/robotiq_ft_sensor/share/gennodejs/ros/robotiq_ft_sensor/msg/_index.js, /home/student/test_ws/devel/share/gennodejs/ros/robotiq_ft_sensor/msg/_index.js)
Linked: (/home/student/test_ws/devel/.private/robotiq_ft_sensor/share/common-lisp/ros/robotiq_ft_sensor/srv/robotiq_ft_sensor-srv.asd, /home/student/test_ws/devel/share/common-lisp/ros/robotiq_ft_sensor/srv/robotiq_ft_sensor-srv.asd)
Linked: (/home/student/test_ws/devel/.private/robotiq_ft_sensor/share/common-lisp/ros/robotiq_ft_sensor/srv/sensor_accessor.lisp, /home/student/test_ws/devel/share/common-lisp/ros/robotiq_ft_sensor/srv/sensor_accessor.lisp)
Linked: (/home/student/test_ws/devel/.private/robotiq_ft_sensor/share/common-lisp/ros/robotiq_ft_sensor/srv/_package.lisp, /home/student/test_ws/devel/share/common-lisp/ros/robotiq_ft_sensor/srv/_package.lisp)
Linked: (/home/student/test_ws/devel/.private/robotiq_ft_sensor/share/common-lisp/ros/robotiq_ft_sensor/srv/_package_sensor_accessor.lisp, /home/student/test_ws/devel/share/common-lisp/ros/robotiq_ft_sensor/srv/_package_sensor_accessor.lisp)
Linked: (/home/student/test_ws/devel/.private/robotiq_ft_sensor/share/common-lisp/ros/robotiq_ft_sensor/msg/robotiq_ft_sensor-msg.asd, /home/student/test_ws/devel/share/common-lisp/ros/robotiq_ft_sensor/msg/robotiq_ft_sensor-msg.asd)
Linked: (/home/student/test_ws/devel/.private/robotiq_ft_sensor/share/common-lisp/ros/robotiq_ft_sensor/msg/_package.lisp, /home/student/test_ws/devel/share/common-lisp/ros/robotiq_ft_sensor/msg/_package.lisp)
Linked: (/home/student/test_ws/devel/.private/robotiq_ft_sensor/share/common-lisp/ros/robotiq_ft_sensor/msg/ft_sensor.lisp, /home/student/test_ws/devel/share/common-lisp/ros/robotiq_ft_sensor/msg/ft_sensor.lisp)
Linked: (/home/student/test_ws/devel/.private/robotiq_ft_sensor/share/common-lisp/ros/robotiq_ft_sensor/msg/_package_ft_sensor.lisp, /home/student/test_ws/devel/share/common-lisp/ros/robotiq_ft_sensor/msg/_package_ft_sensor.lisp)
