Determining if the pthread_create exist failed with the following output:
Change Dir: /home/student/test_ws/build/joint_state_controller/CMakeFiles/CMakeTmp

Run Build Command:"/usr/bin/make" "cmTC_1582e/fast"
/usr/bin/make -f CMakeFiles/cmTC_1582e.dir/build.make CMakeFiles/cmTC_1582e.dir/build
make[1]: Map '/home/student/test_ws/build/joint_state_controller/CMakeFiles/CMakeTmp' wordt binnengegaan
Building C object CMakeFiles/cmTC_1582e.dir/CheckSymbolExists.c.o
/usr/bin/cc    -o CMakeFiles/cmTC_1582e.dir/CheckSymbolExists.c.o   -c /home/student/test_ws/build/joint_state_controller/CMakeFiles/CMakeTmp/CheckSymbolExists.c
Linking C executable cmTC_1582e
/usr/bin/cmake -E cmake_link_script CMakeFiles/cmTC_1582e.dir/link.txt --verbose=1
/usr/bin/cc      -rdynamic CMakeFiles/cmTC_1582e.dir/CheckSymbolExists.c.o  -o cmTC_1582e 
CMakeFiles/cmTC_1582e.dir/CheckSymbolExists.c.o: In function `main':
CheckSymbolExists.c:(.text+0x1b): undefined reference to `pthread_create'
collect2: error: ld returned 1 exit status
CMakeFiles/cmTC_1582e.dir/build.make:97: recipe for target 'cmTC_1582e' failed
make[1]: *** [cmTC_1582e] Error 1
make[1]: Map '/home/student/test_ws/build/joint_state_controller/CMakeFiles/CMakeTmp' wordt verlaten
Makefile:126: recipe for target 'cmTC_1582e/fast' failed
make: *** [cmTC_1582e/fast] Error 2

File /home/student/test_ws/build/joint_state_controller/CMakeFiles/CMakeTmp/CheckSymbolExists.c:
/* */
#include <pthread.h>

int main(int argc, char** argv)
{
  (void)argv;
#ifndef pthread_create
  return ((int*)(&pthread_create))[argc];
#else
  (void)argc;
  return 0;
#endif
}

Determining if the function pthread_create exists in the pthreads failed with the following output:
Change Dir: /home/student/test_ws/build/joint_state_controller/CMakeFiles/CMakeTmp

Run Build Command:"/usr/bin/make" "cmTC_b547c/fast"
/usr/bin/make -f CMakeFiles/cmTC_b547c.dir/build.make CMakeFiles/cmTC_b547c.dir/build
make[1]: Map '/home/student/test_ws/build/joint_state_controller/CMakeFiles/CMakeTmp' wordt binnengegaan
Building C object CMakeFiles/cmTC_b547c.dir/CheckFunctionExists.c.o
/usr/bin/cc   -DCHECK_FUNCTION_EXISTS=pthread_create   -o CMakeFiles/cmTC_b547c.dir/CheckFunctionExists.c.o   -c /usr/share/cmake-3.10/Modules/CheckFunctionExists.c
Linking C executable cmTC_b547c
/usr/bin/cmake -E cmake_link_script CMakeFiles/cmTC_b547c.dir/link.txt --verbose=1
/usr/bin/cc  -DCHECK_FUNCTION_EXISTS=pthread_create    -rdynamic CMakeFiles/cmTC_b547c.dir/CheckFunctionExists.c.o  -o cmTC_b547c -lpthreads 
/usr/bin/ld: cannot find -lpthreads
collect2: error: ld returned 1 exit status
CMakeFiles/cmTC_b547c.dir/build.make:97: recipe for target 'cmTC_b547c' failed
make[1]: *** [cmTC_b547c] Error 1
make[1]: Map '/home/student/test_ws/build/joint_state_controller/CMakeFiles/CMakeTmp' wordt verlaten
Makefile:126: recipe for target 'cmTC_b547c/fast' failed
make: *** [cmTC_b547c/fast] Error 2


