Determining if the pthread_create exist failed with the following output:
Change Dir: /home/student/test_ws/build/robotiq_ft_sensor/CMakeFiles/CMakeTmp

Run Build Command:"/usr/bin/make" "cmTC_d9b13/fast"
/usr/bin/make -f CMakeFiles/cmTC_d9b13.dir/build.make CMakeFiles/cmTC_d9b13.dir/build
make[1]: Map '/home/student/test_ws/build/robotiq_ft_sensor/CMakeFiles/CMakeTmp' wordt binnengegaan
Building C object CMakeFiles/cmTC_d9b13.dir/CheckSymbolExists.c.o
/usr/bin/cc    -o CMakeFiles/cmTC_d9b13.dir/CheckSymbolExists.c.o   -c /home/student/test_ws/build/robotiq_ft_sensor/CMakeFiles/CMakeTmp/CheckSymbolExists.c
Linking C executable cmTC_d9b13
/usr/bin/cmake -E cmake_link_script CMakeFiles/cmTC_d9b13.dir/link.txt --verbose=1
/usr/bin/cc      -rdynamic CMakeFiles/cmTC_d9b13.dir/CheckSymbolExists.c.o  -o cmTC_d9b13 
CMakeFiles/cmTC_d9b13.dir/CheckSymbolExists.c.o: In function `main':
CheckSymbolExists.c:(.text+0x1b): undefined reference to `pthread_create'
collect2: error: ld returned 1 exit status
CMakeFiles/cmTC_d9b13.dir/build.make:97: recipe for target 'cmTC_d9b13' failed
make[1]: *** [cmTC_d9b13] Error 1
make[1]: Map '/home/student/test_ws/build/robotiq_ft_sensor/CMakeFiles/CMakeTmp' wordt verlaten
Makefile:126: recipe for target 'cmTC_d9b13/fast' failed
make: *** [cmTC_d9b13/fast] Error 2

File /home/student/test_ws/build/robotiq_ft_sensor/CMakeFiles/CMakeTmp/CheckSymbolExists.c:
/* */
#include <pthread.h>

int main(int argc, char** argv)
{
  (void)argv;
#ifndef pthread_create
  return ((int*)(&pthread_create))[argc];
#else
  (void)argc;
  return 0;
#endif
}

Determining if the function pthread_create exists in the pthreads failed with the following output:
Change Dir: /home/student/test_ws/build/robotiq_ft_sensor/CMakeFiles/CMakeTmp

Run Build Command:"/usr/bin/make" "cmTC_33e5b/fast"
/usr/bin/make -f CMakeFiles/cmTC_33e5b.dir/build.make CMakeFiles/cmTC_33e5b.dir/build
make[1]: Map '/home/student/test_ws/build/robotiq_ft_sensor/CMakeFiles/CMakeTmp' wordt binnengegaan
Building C object CMakeFiles/cmTC_33e5b.dir/CheckFunctionExists.c.o
/usr/bin/cc   -DCHECK_FUNCTION_EXISTS=pthread_create   -o CMakeFiles/cmTC_33e5b.dir/CheckFunctionExists.c.o   -c /usr/share/cmake-3.10/Modules/CheckFunctionExists.c
Linking C executable cmTC_33e5b
/usr/bin/cmake -E cmake_link_script CMakeFiles/cmTC_33e5b.dir/link.txt --verbose=1
/usr/bin/cc  -DCHECK_FUNCTION_EXISTS=pthread_create    -rdynamic CMakeFiles/cmTC_33e5b.dir/CheckFunctionExists.c.o  -o cmTC_33e5b -lpthreads 
/usr/bin/ld: cannot find -lpthreads
collect2: error: ld returned 1 exit status
CMakeFiles/cmTC_33e5b.dir/build.make:97: recipe for target 'cmTC_33e5b' failed
make[1]: *** [cmTC_33e5b] Error 1
make[1]: Map '/home/student/test_ws/build/robotiq_ft_sensor/CMakeFiles/CMakeTmp' wordt verlaten
Makefile:126: recipe for target 'cmTC_33e5b/fast' failed
make: *** [cmTC_33e5b/fast] Error 2


