Determining if the pthread_create exist failed with the following output:
Change Dir: /home/student/test_ws/build/flexbe_manipulation_states/CMakeFiles/CMakeTmp

Run Build Command:"/usr/bin/make" "cmTC_5434f/fast"
/usr/bin/make -f CMakeFiles/cmTC_5434f.dir/build.make CMakeFiles/cmTC_5434f.dir/build
make[1]: Map '/home/student/test_ws/build/flexbe_manipulation_states/CMakeFiles/CMakeTmp' wordt binnengegaan
Building C object CMakeFiles/cmTC_5434f.dir/CheckSymbolExists.c.o
/usr/bin/cc    -o CMakeFiles/cmTC_5434f.dir/CheckSymbolExists.c.o   -c /home/student/test_ws/build/flexbe_manipulation_states/CMakeFiles/CMakeTmp/CheckSymbolExists.c
Linking C executable cmTC_5434f
/usr/bin/cmake -E cmake_link_script CMakeFiles/cmTC_5434f.dir/link.txt --verbose=1
/usr/bin/cc      -rdynamic CMakeFiles/cmTC_5434f.dir/CheckSymbolExists.c.o  -o cmTC_5434f 
CMakeFiles/cmTC_5434f.dir/CheckSymbolExists.c.o: In function `main':
CheckSymbolExists.c:(.text+0x1b): undefined reference to `pthread_create'
collect2: error: ld returned 1 exit status
CMakeFiles/cmTC_5434f.dir/build.make:97: recipe for target 'cmTC_5434f' failed
make[1]: *** [cmTC_5434f] Error 1
make[1]: Map '/home/student/test_ws/build/flexbe_manipulation_states/CMakeFiles/CMakeTmp' wordt verlaten
Makefile:126: recipe for target 'cmTC_5434f/fast' failed
make: *** [cmTC_5434f/fast] Error 2

File /home/student/test_ws/build/flexbe_manipulation_states/CMakeFiles/CMakeTmp/CheckSymbolExists.c:
/* */
#include <pthread.h>

int main(int argc, char** argv)
{
  (void)argv;
#ifndef pthread_create
  return ((int*)(&pthread_create))[argc];
#else
  (void)argc;
  return 0;
#endif
}

Determining if the function pthread_create exists in the pthreads failed with the following output:
Change Dir: /home/student/test_ws/build/flexbe_manipulation_states/CMakeFiles/CMakeTmp

Run Build Command:"/usr/bin/make" "cmTC_c2fdd/fast"
/usr/bin/make -f CMakeFiles/cmTC_c2fdd.dir/build.make CMakeFiles/cmTC_c2fdd.dir/build
make[1]: Map '/home/student/test_ws/build/flexbe_manipulation_states/CMakeFiles/CMakeTmp' wordt binnengegaan
Building C object CMakeFiles/cmTC_c2fdd.dir/CheckFunctionExists.c.o
/usr/bin/cc   -DCHECK_FUNCTION_EXISTS=pthread_create   -o CMakeFiles/cmTC_c2fdd.dir/CheckFunctionExists.c.o   -c /usr/share/cmake-3.10/Modules/CheckFunctionExists.c
Linking C executable cmTC_c2fdd
/usr/bin/cmake -E cmake_link_script CMakeFiles/cmTC_c2fdd.dir/link.txt --verbose=1
/usr/bin/cc  -DCHECK_FUNCTION_EXISTS=pthread_create    -rdynamic CMakeFiles/cmTC_c2fdd.dir/CheckFunctionExists.c.o  -o cmTC_c2fdd -lpthreads 
/usr/bin/ld: cannot find -lpthreads
collect2: error: ld returned 1 exit status
CMakeFiles/cmTC_c2fdd.dir/build.make:97: recipe for target 'cmTC_c2fdd' failed
make[1]: *** [cmTC_c2fdd] Error 1
make[1]: Map '/home/student/test_ws/build/flexbe_manipulation_states/CMakeFiles/CMakeTmp' wordt verlaten
Makefile:126: recipe for target 'cmTC_c2fdd/fast' failed
make: *** [cmTC_c2fdd/fast] Error 2


