Determining if the pthread_create exist failed with the following output:
Change Dir: /home/student/test_ws/build/gripper_action_controller/CMakeFiles/CMakeTmp

Run Build Command:"/usr/bin/make" "cmTC_bbe9e/fast"
/usr/bin/make -f CMakeFiles/cmTC_bbe9e.dir/build.make CMakeFiles/cmTC_bbe9e.dir/build
make[1]: Map '/home/student/test_ws/build/gripper_action_controller/CMakeFiles/CMakeTmp' wordt binnengegaan
Building C object CMakeFiles/cmTC_bbe9e.dir/CheckSymbolExists.c.o
/usr/bin/cc    -o CMakeFiles/cmTC_bbe9e.dir/CheckSymbolExists.c.o   -c /home/student/test_ws/build/gripper_action_controller/CMakeFiles/CMakeTmp/CheckSymbolExists.c
Linking C executable cmTC_bbe9e
/usr/bin/cmake -E cmake_link_script CMakeFiles/cmTC_bbe9e.dir/link.txt --verbose=1
/usr/bin/cc      -rdynamic CMakeFiles/cmTC_bbe9e.dir/CheckSymbolExists.c.o  -o cmTC_bbe9e 
CMakeFiles/cmTC_bbe9e.dir/CheckSymbolExists.c.o: In function `main':
CheckSymbolExists.c:(.text+0x1b): undefined reference to `pthread_create'
collect2: error: ld returned 1 exit status
CMakeFiles/cmTC_bbe9e.dir/build.make:97: recipe for target 'cmTC_bbe9e' failed
make[1]: *** [cmTC_bbe9e] Error 1
make[1]: Map '/home/student/test_ws/build/gripper_action_controller/CMakeFiles/CMakeTmp' wordt verlaten
Makefile:126: recipe for target 'cmTC_bbe9e/fast' failed
make: *** [cmTC_bbe9e/fast] Error 2

File /home/student/test_ws/build/gripper_action_controller/CMakeFiles/CMakeTmp/CheckSymbolExists.c:
/* */
#include <pthread.h>

int main(int argc, char** argv)
{
  (void)argv;
#ifndef pthread_create
  return ((int*)(&pthread_create))[argc];
#else
  (void)argc;
  return 0;
#endif
}

Determining if the function pthread_create exists in the pthreads failed with the following output:
Change Dir: /home/student/test_ws/build/gripper_action_controller/CMakeFiles/CMakeTmp

Run Build Command:"/usr/bin/make" "cmTC_c1158/fast"
/usr/bin/make -f CMakeFiles/cmTC_c1158.dir/build.make CMakeFiles/cmTC_c1158.dir/build
make[1]: Map '/home/student/test_ws/build/gripper_action_controller/CMakeFiles/CMakeTmp' wordt binnengegaan
Building C object CMakeFiles/cmTC_c1158.dir/CheckFunctionExists.c.o
/usr/bin/cc   -DCHECK_FUNCTION_EXISTS=pthread_create   -o CMakeFiles/cmTC_c1158.dir/CheckFunctionExists.c.o   -c /usr/share/cmake-3.10/Modules/CheckFunctionExists.c
Linking C executable cmTC_c1158
/usr/bin/cmake -E cmake_link_script CMakeFiles/cmTC_c1158.dir/link.txt --verbose=1
/usr/bin/cc  -DCHECK_FUNCTION_EXISTS=pthread_create    -rdynamic CMakeFiles/cmTC_c1158.dir/CheckFunctionExists.c.o  -o cmTC_c1158 -lpthreads 
/usr/bin/ld: cannot find -lpthreads
collect2: error: ld returned 1 exit status
CMakeFiles/cmTC_c1158.dir/build.make:97: recipe for target 'cmTC_c1158' failed
make[1]: *** [cmTC_c1158] Error 1
make[1]: Map '/home/student/test_ws/build/gripper_action_controller/CMakeFiles/CMakeTmp' wordt verlaten
Makefile:126: recipe for target 'cmTC_c1158/fast' failed
make: *** [cmTC_c1158/fast] Error 2


