Determining if the pthread_create exist failed with the following output:
Change Dir: /home/student/test_ws/build/ur_msgs/CMakeFiles/CMakeTmp

Run Build Command:"/usr/bin/make" "cmTC_d302b/fast"
/usr/bin/make -f CMakeFiles/cmTC_d302b.dir/build.make CMakeFiles/cmTC_d302b.dir/build
make[1]: Map '/home/student/test_ws/build/ur_msgs/CMakeFiles/CMakeTmp' wordt binnengegaan
Building C object CMakeFiles/cmTC_d302b.dir/CheckSymbolExists.c.o
/usr/bin/cc    -o CMakeFiles/cmTC_d302b.dir/CheckSymbolExists.c.o   -c /home/student/test_ws/build/ur_msgs/CMakeFiles/CMakeTmp/CheckSymbolExists.c
Linking C executable cmTC_d302b
/usr/bin/cmake -E cmake_link_script CMakeFiles/cmTC_d302b.dir/link.txt --verbose=1
/usr/bin/cc      -rdynamic CMakeFiles/cmTC_d302b.dir/CheckSymbolExists.c.o  -o cmTC_d302b 
CMakeFiles/cmTC_d302b.dir/CheckSymbolExists.c.o: In function `main':
CheckSymbolExists.c:(.text+0x1b): undefined reference to `pthread_create'
collect2: error: ld returned 1 exit status
CMakeFiles/cmTC_d302b.dir/build.make:97: recipe for target 'cmTC_d302b' failed
make[1]: *** [cmTC_d302b] Error 1
make[1]: Map '/home/student/test_ws/build/ur_msgs/CMakeFiles/CMakeTmp' wordt verlaten
Makefile:126: recipe for target 'cmTC_d302b/fast' failed
make: *** [cmTC_d302b/fast] Error 2

File /home/student/test_ws/build/ur_msgs/CMakeFiles/CMakeTmp/CheckSymbolExists.c:
/* */
#include <pthread.h>

int main(int argc, char** argv)
{
  (void)argv;
#ifndef pthread_create
  return ((int*)(&pthread_create))[argc];
#else
  (void)argc;
  return 0;
#endif
}

Determining if the function pthread_create exists in the pthreads failed with the following output:
Change Dir: /home/student/test_ws/build/ur_msgs/CMakeFiles/CMakeTmp

Run Build Command:"/usr/bin/make" "cmTC_66cbc/fast"
/usr/bin/make -f CMakeFiles/cmTC_66cbc.dir/build.make CMakeFiles/cmTC_66cbc.dir/build
make[1]: Map '/home/student/test_ws/build/ur_msgs/CMakeFiles/CMakeTmp' wordt binnengegaan
Building C object CMakeFiles/cmTC_66cbc.dir/CheckFunctionExists.c.o
/usr/bin/cc   -DCHECK_FUNCTION_EXISTS=pthread_create   -o CMakeFiles/cmTC_66cbc.dir/CheckFunctionExists.c.o   -c /usr/share/cmake-3.10/Modules/CheckFunctionExists.c
Linking C executable cmTC_66cbc
/usr/bin/cmake -E cmake_link_script CMakeFiles/cmTC_66cbc.dir/link.txt --verbose=1
/usr/bin/cc  -DCHECK_FUNCTION_EXISTS=pthread_create    -rdynamic CMakeFiles/cmTC_66cbc.dir/CheckFunctionExists.c.o  -o cmTC_66cbc -lpthreads 
/usr/bin/ld: cannot find -lpthreads
collect2: error: ld returned 1 exit status
CMakeFiles/cmTC_66cbc.dir/build.make:97: recipe for target 'cmTC_66cbc' failed
make[1]: *** [cmTC_66cbc] Error 1
make[1]: Map '/home/student/test_ws/build/ur_msgs/CMakeFiles/CMakeTmp' wordt verlaten
Makefile:126: recipe for target 'cmTC_66cbc/fast' failed
make: *** [cmTC_66cbc/fast] Error 2


