Determining if the pthread_create exist failed with the following output:
Change Dir: /home/student/test_ws/build/canopen_402/CMakeFiles/CMakeTmp

Run Build Command:"/usr/bin/make" "cmTC_1dc4e/fast"
/usr/bin/make -f CMakeFiles/cmTC_1dc4e.dir/build.make CMakeFiles/cmTC_1dc4e.dir/build
make[1]: Map '/home/student/test_ws/build/canopen_402/CMakeFiles/CMakeTmp' wordt binnengegaan
Building C object CMakeFiles/cmTC_1dc4e.dir/CheckSymbolExists.c.o
/usr/bin/cc    -o CMakeFiles/cmTC_1dc4e.dir/CheckSymbolExists.c.o   -c /home/student/test_ws/build/canopen_402/CMakeFiles/CMakeTmp/CheckSymbolExists.c
Linking C executable cmTC_1dc4e
/usr/bin/cmake -E cmake_link_script CMakeFiles/cmTC_1dc4e.dir/link.txt --verbose=1
/usr/bin/cc      -rdynamic CMakeFiles/cmTC_1dc4e.dir/CheckSymbolExists.c.o  -o cmTC_1dc4e 
CMakeFiles/cmTC_1dc4e.dir/CheckSymbolExists.c.o: In function `main':
CheckSymbolExists.c:(.text+0x1b): undefined reference to `pthread_create'
collect2: error: ld returned 1 exit status
CMakeFiles/cmTC_1dc4e.dir/build.make:97: recipe for target 'cmTC_1dc4e' failed
make[1]: *** [cmTC_1dc4e] Error 1
make[1]: Map '/home/student/test_ws/build/canopen_402/CMakeFiles/CMakeTmp' wordt verlaten
Makefile:126: recipe for target 'cmTC_1dc4e/fast' failed
make: *** [cmTC_1dc4e/fast] Error 2

File /home/student/test_ws/build/canopen_402/CMakeFiles/CMakeTmp/CheckSymbolExists.c:
/* */
#include <pthread.h>

int main(int argc, char** argv)
{
  (void)argv;
#ifndef pthread_create
  return ((int*)(&pthread_create))[argc];
#else
  (void)argc;
  return 0;
#endif
}

Determining if the function pthread_create exists in the pthreads failed with the following output:
Change Dir: /home/student/test_ws/build/canopen_402/CMakeFiles/CMakeTmp

Run Build Command:"/usr/bin/make" "cmTC_b8541/fast"
/usr/bin/make -f CMakeFiles/cmTC_b8541.dir/build.make CMakeFiles/cmTC_b8541.dir/build
make[1]: Map '/home/student/test_ws/build/canopen_402/CMakeFiles/CMakeTmp' wordt binnengegaan
Building C object CMakeFiles/cmTC_b8541.dir/CheckFunctionExists.c.o
/usr/bin/cc   -DCHECK_FUNCTION_EXISTS=pthread_create   -o CMakeFiles/cmTC_b8541.dir/CheckFunctionExists.c.o   -c /usr/share/cmake-3.10/Modules/CheckFunctionExists.c
Linking C executable cmTC_b8541
/usr/bin/cmake -E cmake_link_script CMakeFiles/cmTC_b8541.dir/link.txt --verbose=1
/usr/bin/cc  -DCHECK_FUNCTION_EXISTS=pthread_create    -rdynamic CMakeFiles/cmTC_b8541.dir/CheckFunctionExists.c.o  -o cmTC_b8541 -lpthreads 
/usr/bin/ld: cannot find -lpthreads
collect2: error: ld returned 1 exit status
CMakeFiles/cmTC_b8541.dir/build.make:97: recipe for target 'cmTC_b8541' failed
make[1]: *** [cmTC_b8541] Error 1
make[1]: Map '/home/student/test_ws/build/canopen_402/CMakeFiles/CMakeTmp' wordt verlaten
Makefile:126: recipe for target 'cmTC_b8541/fast' failed
make: *** [cmTC_b8541/fast] Error 2


