Determining if the pthread_create exist failed with the following output:
Change Dir: /home/student/test_ws/build/flexbe_app/CMakeFiles/CMakeTmp

Run Build Command:"/usr/bin/make" "cmTC_177fb/fast"
/usr/bin/make -f CMakeFiles/cmTC_177fb.dir/build.make CMakeFiles/cmTC_177fb.dir/build
make[1]: Map '/home/student/test_ws/build/flexbe_app/CMakeFiles/CMakeTmp' wordt binnengegaan
Building C object CMakeFiles/cmTC_177fb.dir/CheckSymbolExists.c.o
/usr/bin/cc    -o CMakeFiles/cmTC_177fb.dir/CheckSymbolExists.c.o   -c /home/student/test_ws/build/flexbe_app/CMakeFiles/CMakeTmp/CheckSymbolExists.c
Linking C executable cmTC_177fb
/usr/bin/cmake -E cmake_link_script CMakeFiles/cmTC_177fb.dir/link.txt --verbose=1
/usr/bin/cc      -rdynamic CMakeFiles/cmTC_177fb.dir/CheckSymbolExists.c.o  -o cmTC_177fb 
CMakeFiles/cmTC_177fb.dir/CheckSymbolExists.c.o: In function `main':
CheckSymbolExists.c:(.text+0x1b): undefined reference to `pthread_create'
collect2: error: ld returned 1 exit status
CMakeFiles/cmTC_177fb.dir/build.make:97: recipe for target 'cmTC_177fb' failed
make[1]: *** [cmTC_177fb] Error 1
make[1]: Map '/home/student/test_ws/build/flexbe_app/CMakeFiles/CMakeTmp' wordt verlaten
Makefile:126: recipe for target 'cmTC_177fb/fast' failed
make: *** [cmTC_177fb/fast] Error 2

File /home/student/test_ws/build/flexbe_app/CMakeFiles/CMakeTmp/CheckSymbolExists.c:
/* */
#include <pthread.h>

int main(int argc, char** argv)
{
  (void)argv;
#ifndef pthread_create
  return ((int*)(&pthread_create))[argc];
#else
  (void)argc;
  return 0;
#endif
}

Determining if the function pthread_create exists in the pthreads failed with the following output:
Change Dir: /home/student/test_ws/build/flexbe_app/CMakeFiles/CMakeTmp

Run Build Command:"/usr/bin/make" "cmTC_e01cc/fast"
/usr/bin/make -f CMakeFiles/cmTC_e01cc.dir/build.make CMakeFiles/cmTC_e01cc.dir/build
make[1]: Map '/home/student/test_ws/build/flexbe_app/CMakeFiles/CMakeTmp' wordt binnengegaan
Building C object CMakeFiles/cmTC_e01cc.dir/CheckFunctionExists.c.o
/usr/bin/cc   -DCHECK_FUNCTION_EXISTS=pthread_create   -o CMakeFiles/cmTC_e01cc.dir/CheckFunctionExists.c.o   -c /usr/share/cmake-3.10/Modules/CheckFunctionExists.c
Linking C executable cmTC_e01cc
/usr/bin/cmake -E cmake_link_script CMakeFiles/cmTC_e01cc.dir/link.txt --verbose=1
/usr/bin/cc  -DCHECK_FUNCTION_EXISTS=pthread_create    -rdynamic CMakeFiles/cmTC_e01cc.dir/CheckFunctionExists.c.o  -o cmTC_e01cc -lpthreads 
/usr/bin/ld: cannot find -lpthreads
collect2: error: ld returned 1 exit status
CMakeFiles/cmTC_e01cc.dir/build.make:97: recipe for target 'cmTC_e01cc' failed
make[1]: *** [cmTC_e01cc] Error 1
make[1]: Map '/home/student/test_ws/build/flexbe_app/CMakeFiles/CMakeTmp' wordt verlaten
Makefile:126: recipe for target 'cmTC_e01cc/fast' failed
make: *** [cmTC_e01cc/fast] Error 2


