[35m[1mScanning dependencies of target dynamic_reconfigure_gencfg[0m
[  0%] Built target dynamic_reconfigure_gencfg
[35m[1mScanning dependencies of target robotiq_3f_gripper_articulated_msgs_generate_messages_py[0m
[  0%] Built target robotiq_3f_gripper_articulated_msgs_generate_messages_py
[35m[1mScanning dependencies of target robotiq_3f_gripper_articulated_msgs_generate_messages_nodejs[0m
[  0%] Built target robotiq_3f_gripper_articulated_msgs_generate_messages_nodejs
[35m[1mScanning dependencies of target robotiq_3f_gripper_articulated_msgs_generate_messages_lisp[0m
[  0%] Built target robotiq_3f_gripper_articulated_msgs_generate_messages_lisp
[35m[1mScanning dependencies of target std_srvs_generate_messages_py[0m
[  0%] Built target std_srvs_generate_messages_py
[35m[1mScanning dependencies of target std_srvs_generate_messages_nodejs[0m
[  0%] Built target std_srvs_generate_messages_nodejs
[35m[1mScanning dependencies of target std_srvs_generate_messages_cpp[0m
[  0%] Built target std_srvs_generate_messages_cpp
[35m[1mScanning dependencies of target rosgraph_msgs_generate_messages_nodejs[0m
[  0%] Built target rosgraph_msgs_generate_messages_nodejs
[35m[1mScanning dependencies of target rosgraph_msgs_generate_messages_py[0m
[  0%] Built target rosgraph_msgs_generate_messages_py
[35m[1mScanning dependencies of target std_msgs_generate_messages_eus[0m
[  0%] Built target std_msgs_generate_messages_eus
[35m[1mScanning dependencies of target rosgraph_msgs_generate_messages_lisp[0m
[  0%] Built target rosgraph_msgs_generate_messages_lisp
[35m[1mScanning dependencies of target rosgraph_msgs_generate_messages_eus[0m
[  0%] Built target rosgraph_msgs_generate_messages_eus
[35m[1mScanning dependencies of target controller_manager_msgs_generate_messages_lisp[0m
[  0%] Built target controller_manager_msgs_generate_messages_lisp
[35m[1mScanning dependencies of target dynamic_reconfigure_generate_messages_nodejs[0m
[  0%] Built target dynamic_reconfigure_generate_messages_nodejs
[35m[1mScanning dependencies of target roscpp_generate_messages_py[0m
[  0%] Built target roscpp_generate_messages_py
[35m[1mScanning dependencies of target std_msgs_generate_messages_py[0m
[  0%] Built target std_msgs_generate_messages_py
[35m[1mScanning dependencies of target roscpp_generate_messages_nodejs[0m
[  0%] Built target roscpp_generate_messages_nodejs
[35m[1mScanning dependencies of target roscpp_generate_messages_lisp[0m
[35m[1mScanning dependencies of target roscpp_generate_messages_eus[0m
[  0%] Built target roscpp_generate_messages_lisp
[  0%] Built target roscpp_generate_messages_eus
[35m[1mScanning dependencies of target roscpp_generate_messages_cpp[0m
[  0%] Built target roscpp_generate_messages_cpp
[35m[1mScanning dependencies of target std_srvs_generate_messages_lisp[0m
[  0%] Built target std_srvs_generate_messages_lisp
[35m[1mScanning dependencies of target controller_manager_msgs_generate_messages_py[0m
[  0%] Built target controller_manager_msgs_generate_messages_py
[35m[1mScanning dependencies of target robotiq_3f_gripper_articulated_msgs_generate_messages_eus[0m
[  0%] Built target robotiq_3f_gripper_articulated_msgs_generate_messages_eus
[35m[1mScanning dependencies of target std_msgs_generate_messages_cpp[0m
[  0%] Built target std_msgs_generate_messages_cpp
[35m[1mScanning dependencies of target diagnostic_msgs_generate_messages_cpp[0m
[  0%] Built target diagnostic_msgs_generate_messages_cpp
[35m[1mScanning dependencies of target robotiq_3f_gripper_articulated_msgs_generate_messages_cpp[0m
[  0%] Built target robotiq_3f_gripper_articulated_msgs_generate_messages_cpp
[35m[1mScanning dependencies of target diagnostic_msgs_generate_messages_eus[0m
[  0%] Built target diagnostic_msgs_generate_messages_eus
[35m[1mScanning dependencies of target robotiq_3f_gripper_control_gencfg[0m
[  8%] [34m[1mGenerating dynamic reconfigure files from cfg/Robotiq3FGripper.cfg: /home/student/test_ws/devel/.private/robotiq_3f_gripper_control/include/robotiq_3f_gripper_control/Robotiq3FGripperConfig.h /home/student/test_ws/devel/.private/robotiq_3f_gripper_control/lib/python2.7/dist-packages/robotiq_3f_gripper_control/cfg/Robotiq3FGripperConfig.py[0m
Generating reconfiguration files for Robotiq3FGripper in robotiq_3f_gripper_control
Wrote header file in /home/student/test_ws/devel/.private/robotiq_3f_gripper_control/include/robotiq_3f_gripper_control/Robotiq3FGripperConfig.h
[  8%] Built target robotiq_3f_gripper_control_gencfg
[35m[1mScanning dependencies of target std_srvs_generate_messages_eus[0m
[  8%] Built target std_srvs_generate_messages_eus
[35m[1mScanning dependencies of target std_msgs_generate_messages_lisp[0m
[  8%] Built target std_msgs_generate_messages_lisp
[35m[1mScanning dependencies of target controller_manager_msgs_generate_messages_eus[0m
[  8%] Built target controller_manager_msgs_generate_messages_eus
[35m[1mScanning dependencies of target std_msgs_generate_messages_nodejs[0m
[  8%] Built target std_msgs_generate_messages_nodejs
[35m[1mScanning dependencies of target controller_manager_msgs_generate_messages_cpp[0m
[  8%] Built target controller_manager_msgs_generate_messages_cpp
[35m[1mScanning dependencies of target controller_manager_msgs_generate_messages_nodejs[0m
[  8%] Built target controller_manager_msgs_generate_messages_nodejs
[35m[1mScanning dependencies of target dynamic_reconfigure_generate_messages_py[0m
[  8%] Built target dynamic_reconfigure_generate_messages_py
[35m[1mScanning dependencies of target diagnostic_msgs_generate_messages_nodejs[0m
[  8%] Built target diagnostic_msgs_generate_messages_nodejs
[35m[1mScanning dependencies of target dynamic_reconfigure_generate_messages_lisp[0m
[  8%] Built target dynamic_reconfigure_generate_messages_lisp
[35m[1mScanning dependencies of target dynamic_reconfigure_generate_messages_eus[0m
[  8%] Built target dynamic_reconfigure_generate_messages_eus
[35m[1mScanning dependencies of target diagnostic_msgs_generate_messages_lisp[0m
[  8%] Built target diagnostic_msgs_generate_messages_lisp
[35m[1mScanning dependencies of target rosgraph_msgs_generate_messages_cpp[0m
[  8%] Built target rosgraph_msgs_generate_messages_cpp
[35m[1mScanning dependencies of target dynamic_reconfigure_generate_messages_cpp[0m
[  8%] Built target dynamic_reconfigure_generate_messages_cpp
[35m[1mScanning dependencies of target diagnostic_msgs_generate_messages_py[0m
[  8%] Built target diagnostic_msgs_generate_messages_py
[35m[1mScanning dependencies of target robotiq_3f_gripper_control[0m
[ 16%] [32mBuilding CXX object CMakeFiles/robotiq_3f_gripper_control.dir/src/robotiq_3f_gripper_control/robotiq_3f_gripper_api.cpp.o[0m
[ 25%] [32mBuilding CXX object CMakeFiles/robotiq_3f_gripper_control.dir/src/robotiq_3f_gripper_control/robotiq_3f_gripper_diagnostics.cpp.o[0m
[ 33%] [32mBuilding CXX object CMakeFiles/robotiq_3f_gripper_control.dir/src/robotiq_3f_gripper_control/robotiq_3f_gripper_hw_interface.cpp.o[0m
[ 41%] [32mBuilding CXX object CMakeFiles/robotiq_3f_gripper_control.dir/src/robotiq_3f_gripper_control/robotiq_3f_gripper_ros.cpp.o[0m
[ 50%] [32m[1mLinking CXX shared library /home/student/test_ws/devel/.private/robotiq_3f_gripper_control/lib/librobotiq_3f_gripper_control.so[0m
[ 50%] Built target robotiq_3f_gripper_control
[35m[1mScanning dependencies of target robotiq_3f_gripper_ethercat_node[0m
[ 58%] [32mBuilding CXX object CMakeFiles/robotiq_3f_gripper_ethercat_node.dir/src/robotiq_3f_gripper_control/robotiq_3f_gripper_ethercat_client.cpp.o[0m
[ 66%] [32mBuilding CXX object CMakeFiles/robotiq_3f_gripper_ethercat_node.dir/src/robotiq_3f_gripper_ethercat_node.cpp.o[0m
[35m[1mScanning dependencies of target robotiq_3f_gripper_can_node[0m
[ 75%] [32mBuilding CXX object CMakeFiles/robotiq_3f_gripper_can_node.dir/src/robotiq_3f_gripper_control/robotiq_3f_gripper_can_client.cpp.o[0m
[ 83%] [32mBuilding CXX object CMakeFiles/robotiq_3f_gripper_can_node.dir/src/robotiq_3f_gripper_can_node.cpp.o[0m
[ 91%] [32m[1mLinking CXX executable /home/student/test_ws/devel/.private/robotiq_3f_gripper_control/lib/robotiq_3f_gripper_control/robotiq_3f_gripper_ethercat_node[0m
[ 91%] Built target robotiq_3f_gripper_ethercat_node
[100%] [32m[1mLinking CXX executable /home/student/test_ws/devel/.private/robotiq_3f_gripper_control/lib/robotiq_3f_gripper_control/robotiq_3f_gripper_can_node[0m
[100%] Built target robotiq_3f_gripper_can_node
