Determining if the pthread_create exist failed with the following output:
Change Dir: /home/student/test_ws/build/ur_kinematics/CMakeFiles/CMakeTmp

Run Build Command:"/usr/bin/make" "cmTC_f658d/fast"
/usr/bin/make -f CMakeFiles/cmTC_f658d.dir/build.make CMakeFiles/cmTC_f658d.dir/build
make[1]: Map '/home/student/test_ws/build/ur_kinematics/CMakeFiles/CMakeTmp' wordt binnengegaan
Building C object CMakeFiles/cmTC_f658d.dir/CheckSymbolExists.c.o
/usr/bin/cc    -o CMakeFiles/cmTC_f658d.dir/CheckSymbolExists.c.o   -c /home/student/test_ws/build/ur_kinematics/CMakeFiles/CMakeTmp/CheckSymbolExists.c
Linking C executable cmTC_f658d
/usr/bin/cmake -E cmake_link_script CMakeFiles/cmTC_f658d.dir/link.txt --verbose=1
/usr/bin/cc      -rdynamic CMakeFiles/cmTC_f658d.dir/CheckSymbolExists.c.o  -o cmTC_f658d 
CMakeFiles/cmTC_f658d.dir/CheckSymbolExists.c.o: In function `main':
CheckSymbolExists.c:(.text+0x1b): undefined reference to `pthread_create'
collect2: error: ld returned 1 exit status
CMakeFiles/cmTC_f658d.dir/build.make:97: recipe for target 'cmTC_f658d' failed
make[1]: *** [cmTC_f658d] Error 1
make[1]: Map '/home/student/test_ws/build/ur_kinematics/CMakeFiles/CMakeTmp' wordt verlaten
Makefile:126: recipe for target 'cmTC_f658d/fast' failed
make: *** [cmTC_f658d/fast] Error 2

File /home/student/test_ws/build/ur_kinematics/CMakeFiles/CMakeTmp/CheckSymbolExists.c:
/* */
#include <pthread.h>

int main(int argc, char** argv)
{
  (void)argv;
#ifndef pthread_create
  return ((int*)(&pthread_create))[argc];
#else
  (void)argc;
  return 0;
#endif
}

Determining if the function pthread_create exists in the pthreads failed with the following output:
Change Dir: /home/student/test_ws/build/ur_kinematics/CMakeFiles/CMakeTmp

Run Build Command:"/usr/bin/make" "cmTC_17196/fast"
/usr/bin/make -f CMakeFiles/cmTC_17196.dir/build.make CMakeFiles/cmTC_17196.dir/build
make[1]: Map '/home/student/test_ws/build/ur_kinematics/CMakeFiles/CMakeTmp' wordt binnengegaan
Building C object CMakeFiles/cmTC_17196.dir/CheckFunctionExists.c.o
/usr/bin/cc   -DCHECK_FUNCTION_EXISTS=pthread_create   -o CMakeFiles/cmTC_17196.dir/CheckFunctionExists.c.o   -c /usr/share/cmake-3.10/Modules/CheckFunctionExists.c
Linking C executable cmTC_17196
/usr/bin/cmake -E cmake_link_script CMakeFiles/cmTC_17196.dir/link.txt --verbose=1
/usr/bin/cc  -DCHECK_FUNCTION_EXISTS=pthread_create    -rdynamic CMakeFiles/cmTC_17196.dir/CheckFunctionExists.c.o  -o cmTC_17196 -lpthreads 
/usr/bin/ld: cannot find -lpthreads
collect2: error: ld returned 1 exit status
CMakeFiles/cmTC_17196.dir/build.make:97: recipe for target 'cmTC_17196' failed
make[1]: *** [cmTC_17196] Error 1
make[1]: Map '/home/student/test_ws/build/ur_kinematics/CMakeFiles/CMakeTmp' wordt verlaten
Makefile:126: recipe for target 'cmTC_17196/fast' failed
make: *** [cmTC_17196/fast] Error 2


