Determining if the pthread_create exist failed with the following output:
Change Dir: /home/student/test_ws/build/miscellaneous_flexbe_states/CMakeFiles/CMakeTmp

Run Build Command:"/usr/bin/make" "cmTC_120d6/fast"
/usr/bin/make -f CMakeFiles/cmTC_120d6.dir/build.make CMakeFiles/cmTC_120d6.dir/build
make[1]: Map '/home/student/test_ws/build/miscellaneous_flexbe_states/CMakeFiles/CMakeTmp' wordt binnengegaan
Building C object CMakeFiles/cmTC_120d6.dir/CheckSymbolExists.c.o
/usr/bin/cc    -o CMakeFiles/cmTC_120d6.dir/CheckSymbolExists.c.o   -c /home/student/test_ws/build/miscellaneous_flexbe_states/CMakeFiles/CMakeTmp/CheckSymbolExists.c
Linking C executable cmTC_120d6
/usr/bin/cmake -E cmake_link_script CMakeFiles/cmTC_120d6.dir/link.txt --verbose=1
/usr/bin/cc      -rdynamic CMakeFiles/cmTC_120d6.dir/CheckSymbolExists.c.o  -o cmTC_120d6 
CMakeFiles/cmTC_120d6.dir/CheckSymbolExists.c.o: In function `main':
CheckSymbolExists.c:(.text+0x1b): undefined reference to `pthread_create'
collect2: error: ld returned 1 exit status
CMakeFiles/cmTC_120d6.dir/build.make:97: recipe for target 'cmTC_120d6' failed
make[1]: *** [cmTC_120d6] Error 1
make[1]: Map '/home/student/test_ws/build/miscellaneous_flexbe_states/CMakeFiles/CMakeTmp' wordt verlaten
Makefile:126: recipe for target 'cmTC_120d6/fast' failed
make: *** [cmTC_120d6/fast] Error 2

File /home/student/test_ws/build/miscellaneous_flexbe_states/CMakeFiles/CMakeTmp/CheckSymbolExists.c:
/* */
#include <pthread.h>

int main(int argc, char** argv)
{
  (void)argv;
#ifndef pthread_create
  return ((int*)(&pthread_create))[argc];
#else
  (void)argc;
  return 0;
#endif
}

Determining if the function pthread_create exists in the pthreads failed with the following output:
Change Dir: /home/student/test_ws/build/miscellaneous_flexbe_states/CMakeFiles/CMakeTmp

Run Build Command:"/usr/bin/make" "cmTC_845cb/fast"
/usr/bin/make -f CMakeFiles/cmTC_845cb.dir/build.make CMakeFiles/cmTC_845cb.dir/build
make[1]: Map '/home/student/test_ws/build/miscellaneous_flexbe_states/CMakeFiles/CMakeTmp' wordt binnengegaan
Building C object CMakeFiles/cmTC_845cb.dir/CheckFunctionExists.c.o
/usr/bin/cc   -DCHECK_FUNCTION_EXISTS=pthread_create   -o CMakeFiles/cmTC_845cb.dir/CheckFunctionExists.c.o   -c /usr/share/cmake-3.10/Modules/CheckFunctionExists.c
Linking C executable cmTC_845cb
/usr/bin/cmake -E cmake_link_script CMakeFiles/cmTC_845cb.dir/link.txt --verbose=1
/usr/bin/cc  -DCHECK_FUNCTION_EXISTS=pthread_create    -rdynamic CMakeFiles/cmTC_845cb.dir/CheckFunctionExists.c.o  -o cmTC_845cb -lpthreads 
/usr/bin/ld: cannot find -lpthreads
collect2: error: ld returned 1 exit status
CMakeFiles/cmTC_845cb.dir/build.make:97: recipe for target 'cmTC_845cb' failed
make[1]: *** [cmTC_845cb] Error 1
make[1]: Map '/home/student/test_ws/build/miscellaneous_flexbe_states/CMakeFiles/CMakeTmp' wordt verlaten
Makefile:126: recipe for target 'cmTC_845cb/fast' failed
make: *** [cmTC_845cb/fast] Error 2


