Determining if the pthread_create exist failed with the following output:
Change Dir: /home/student/test_ws/build/CustomNodes/CMakeFiles/CMakeTmp

Run Build Command:"/usr/bin/make" "cmTC_53828/fast"
/usr/bin/make -f CMakeFiles/cmTC_53828.dir/build.make CMakeFiles/cmTC_53828.dir/build
make[1]: Map '/home/student/test_ws/build/CustomNodes/CMakeFiles/CMakeTmp' wordt binnengegaan
Building C object CMakeFiles/cmTC_53828.dir/CheckSymbolExists.c.o
/usr/bin/cc    -o CMakeFiles/cmTC_53828.dir/CheckSymbolExists.c.o   -c /home/student/test_ws/build/CustomNodes/CMakeFiles/CMakeTmp/CheckSymbolExists.c
Linking C executable cmTC_53828
/usr/bin/cmake -E cmake_link_script CMakeFiles/cmTC_53828.dir/link.txt --verbose=1
/usr/bin/cc      -rdynamic CMakeFiles/cmTC_53828.dir/CheckSymbolExists.c.o  -o cmTC_53828 
CMakeFiles/cmTC_53828.dir/CheckSymbolExists.c.o: In function `main':
CheckSymbolExists.c:(.text+0x1b): undefined reference to `pthread_create'
collect2: error: ld returned 1 exit status
CMakeFiles/cmTC_53828.dir/build.make:97: recipe for target 'cmTC_53828' failed
make[1]: *** [cmTC_53828] Error 1
make[1]: Map '/home/student/test_ws/build/CustomNodes/CMakeFiles/CMakeTmp' wordt verlaten
Makefile:126: recipe for target 'cmTC_53828/fast' failed
make: *** [cmTC_53828/fast] Error 2

File /home/student/test_ws/build/CustomNodes/CMakeFiles/CMakeTmp/CheckSymbolExists.c:
/* */
#include <pthread.h>

int main(int argc, char** argv)
{
  (void)argv;
#ifndef pthread_create
  return ((int*)(&pthread_create))[argc];
#else
  (void)argc;
  return 0;
#endif
}

Determining if the function pthread_create exists in the pthreads failed with the following output:
Change Dir: /home/student/test_ws/build/CustomNodes/CMakeFiles/CMakeTmp

Run Build Command:"/usr/bin/make" "cmTC_9e5fe/fast"
/usr/bin/make -f CMakeFiles/cmTC_9e5fe.dir/build.make CMakeFiles/cmTC_9e5fe.dir/build
make[1]: Map '/home/student/test_ws/build/CustomNodes/CMakeFiles/CMakeTmp' wordt binnengegaan
Building C object CMakeFiles/cmTC_9e5fe.dir/CheckFunctionExists.c.o
/usr/bin/cc   -DCHECK_FUNCTION_EXISTS=pthread_create   -o CMakeFiles/cmTC_9e5fe.dir/CheckFunctionExists.c.o   -c /usr/share/cmake-3.10/Modules/CheckFunctionExists.c
Linking C executable cmTC_9e5fe
/usr/bin/cmake -E cmake_link_script CMakeFiles/cmTC_9e5fe.dir/link.txt --verbose=1
/usr/bin/cc  -DCHECK_FUNCTION_EXISTS=pthread_create    -rdynamic CMakeFiles/cmTC_9e5fe.dir/CheckFunctionExists.c.o  -o cmTC_9e5fe -lpthreads 
/usr/bin/ld: cannot find -lpthreads
collect2: error: ld returned 1 exit status
CMakeFiles/cmTC_9e5fe.dir/build.make:97: recipe for target 'cmTC_9e5fe' failed
make[1]: *** [cmTC_9e5fe] Error 1
make[1]: Map '/home/student/test_ws/build/CustomNodes/CMakeFiles/CMakeTmp' wordt verlaten
Makefile:126: recipe for target 'cmTC_9e5fe/fast' failed
make: *** [cmTC_9e5fe/fast] Error 2


