Determining if the pthread_create exist failed with the following output:
Change Dir: /home/student/test_ws/build/robotiq_3f_gripper_articulated_gazebo/CMakeFiles/CMakeTmp

Run Build Command:"/usr/bin/make" "cmTC_db581/fast"
/usr/bin/make -f CMakeFiles/cmTC_db581.dir/build.make CMakeFiles/cmTC_db581.dir/build
make[1]: Map '/home/student/test_ws/build/robotiq_3f_gripper_articulated_gazebo/CMakeFiles/CMakeTmp' wordt binnengegaan
Building C object CMakeFiles/cmTC_db581.dir/CheckSymbolExists.c.o
/usr/bin/cc    -o CMakeFiles/cmTC_db581.dir/CheckSymbolExists.c.o   -c /home/student/test_ws/build/robotiq_3f_gripper_articulated_gazebo/CMakeFiles/CMakeTmp/CheckSymbolExists.c
Linking C executable cmTC_db581
/usr/bin/cmake -E cmake_link_script CMakeFiles/cmTC_db581.dir/link.txt --verbose=1
/usr/bin/cc      -rdynamic CMakeFiles/cmTC_db581.dir/CheckSymbolExists.c.o  -o cmTC_db581 
CMakeFiles/cmTC_db581.dir/CheckSymbolExists.c.o: In function `main':
CheckSymbolExists.c:(.text+0x1b): undefined reference to `pthread_create'
collect2: error: ld returned 1 exit status
CMakeFiles/cmTC_db581.dir/build.make:97: recipe for target 'cmTC_db581' failed
make[1]: *** [cmTC_db581] Error 1
make[1]: Map '/home/student/test_ws/build/robotiq_3f_gripper_articulated_gazebo/CMakeFiles/CMakeTmp' wordt verlaten
Makefile:126: recipe for target 'cmTC_db581/fast' failed
make: *** [cmTC_db581/fast] Error 2

File /home/student/test_ws/build/robotiq_3f_gripper_articulated_gazebo/CMakeFiles/CMakeTmp/CheckSymbolExists.c:
/* */
#include <pthread.h>

int main(int argc, char** argv)
{
  (void)argv;
#ifndef pthread_create
  return ((int*)(&pthread_create))[argc];
#else
  (void)argc;
  return 0;
#endif
}

Determining if the function pthread_create exists in the pthreads failed with the following output:
Change Dir: /home/student/test_ws/build/robotiq_3f_gripper_articulated_gazebo/CMakeFiles/CMakeTmp

Run Build Command:"/usr/bin/make" "cmTC_eed04/fast"
/usr/bin/make -f CMakeFiles/cmTC_eed04.dir/build.make CMakeFiles/cmTC_eed04.dir/build
make[1]: Map '/home/student/test_ws/build/robotiq_3f_gripper_articulated_gazebo/CMakeFiles/CMakeTmp' wordt binnengegaan
Building C object CMakeFiles/cmTC_eed04.dir/CheckFunctionExists.c.o
/usr/bin/cc   -DCHECK_FUNCTION_EXISTS=pthread_create   -o CMakeFiles/cmTC_eed04.dir/CheckFunctionExists.c.o   -c /usr/share/cmake-3.10/Modules/CheckFunctionExists.c
Linking C executable cmTC_eed04
/usr/bin/cmake -E cmake_link_script CMakeFiles/cmTC_eed04.dir/link.txt --verbose=1
/usr/bin/cc  -DCHECK_FUNCTION_EXISTS=pthread_create    -rdynamic CMakeFiles/cmTC_eed04.dir/CheckFunctionExists.c.o  -o cmTC_eed04 -lpthreads 
/usr/bin/ld: cannot find -lpthreads
collect2: error: ld returned 1 exit status
CMakeFiles/cmTC_eed04.dir/build.make:97: recipe for target 'cmTC_eed04' failed
make[1]: *** [cmTC_eed04] Error 1
make[1]: Map '/home/student/test_ws/build/robotiq_3f_gripper_articulated_gazebo/CMakeFiles/CMakeTmp' wordt verlaten
Makefile:126: recipe for target 'cmTC_eed04/fast' failed
make: *** [cmTC_eed04/fast] Error 2


