Determining if the pthread_create exist failed with the following output:
Change Dir: /home/student/test_ws/build/canopen_master/CMakeFiles/CMakeTmp

Run Build Command:"/usr/bin/make" "cmTC_7de17/fast"
/usr/bin/make -f CMakeFiles/cmTC_7de17.dir/build.make CMakeFiles/cmTC_7de17.dir/build
make[1]: Map '/home/student/test_ws/build/canopen_master/CMakeFiles/CMakeTmp' wordt binnengegaan
Building C object CMakeFiles/cmTC_7de17.dir/CheckSymbolExists.c.o
/usr/bin/cc    -o CMakeFiles/cmTC_7de17.dir/CheckSymbolExists.c.o   -c /home/student/test_ws/build/canopen_master/CMakeFiles/CMakeTmp/CheckSymbolExists.c
Linking C executable cmTC_7de17
/usr/bin/cmake -E cmake_link_script CMakeFiles/cmTC_7de17.dir/link.txt --verbose=1
/usr/bin/cc      -rdynamic CMakeFiles/cmTC_7de17.dir/CheckSymbolExists.c.o  -o cmTC_7de17 
CMakeFiles/cmTC_7de17.dir/CheckSymbolExists.c.o: In function `main':
CheckSymbolExists.c:(.text+0x1b): undefined reference to `pthread_create'
collect2: error: ld returned 1 exit status
CMakeFiles/cmTC_7de17.dir/build.make:97: recipe for target 'cmTC_7de17' failed
make[1]: *** [cmTC_7de17] Error 1
make[1]: Map '/home/student/test_ws/build/canopen_master/CMakeFiles/CMakeTmp' wordt verlaten
Makefile:126: recipe for target 'cmTC_7de17/fast' failed
make: *** [cmTC_7de17/fast] Error 2

File /home/student/test_ws/build/canopen_master/CMakeFiles/CMakeTmp/CheckSymbolExists.c:
/* */
#include <pthread.h>

int main(int argc, char** argv)
{
  (void)argv;
#ifndef pthread_create
  return ((int*)(&pthread_create))[argc];
#else
  (void)argc;
  return 0;
#endif
}

Determining if the function pthread_create exists in the pthreads failed with the following output:
Change Dir: /home/student/test_ws/build/canopen_master/CMakeFiles/CMakeTmp

Run Build Command:"/usr/bin/make" "cmTC_9b9e1/fast"
/usr/bin/make -f CMakeFiles/cmTC_9b9e1.dir/build.make CMakeFiles/cmTC_9b9e1.dir/build
make[1]: Map '/home/student/test_ws/build/canopen_master/CMakeFiles/CMakeTmp' wordt binnengegaan
Building C object CMakeFiles/cmTC_9b9e1.dir/CheckFunctionExists.c.o
/usr/bin/cc   -DCHECK_FUNCTION_EXISTS=pthread_create   -o CMakeFiles/cmTC_9b9e1.dir/CheckFunctionExists.c.o   -c /usr/share/cmake-3.10/Modules/CheckFunctionExists.c
Linking C executable cmTC_9b9e1
/usr/bin/cmake -E cmake_link_script CMakeFiles/cmTC_9b9e1.dir/link.txt --verbose=1
/usr/bin/cc  -DCHECK_FUNCTION_EXISTS=pthread_create    -rdynamic CMakeFiles/cmTC_9b9e1.dir/CheckFunctionExists.c.o  -o cmTC_9b9e1 -lpthreads 
/usr/bin/ld: cannot find -lpthreads
collect2: error: ld returned 1 exit status
CMakeFiles/cmTC_9b9e1.dir/build.make:97: recipe for target 'cmTC_9b9e1' failed
make[1]: *** [cmTC_9b9e1] Error 1
make[1]: Map '/home/student/test_ws/build/canopen_master/CMakeFiles/CMakeTmp' wordt verlaten
Makefile:126: recipe for target 'cmTC_9b9e1/fast' failed
make: *** [cmTC_9b9e1/fast] Error 2


