Determining if the pthread_create exist failed with the following output:
Change Dir: /home/student/test_ws/build/four_wheel_steering_controller/CMakeFiles/CMakeTmp

Run Build Command:"/usr/bin/make" "cmTC_f39dd/fast"
/usr/bin/make -f CMakeFiles/cmTC_f39dd.dir/build.make CMakeFiles/cmTC_f39dd.dir/build
make[1]: Map '/home/student/test_ws/build/four_wheel_steering_controller/CMakeFiles/CMakeTmp' wordt binnengegaan
Building C object CMakeFiles/cmTC_f39dd.dir/CheckSymbolExists.c.o
/usr/bin/cc    -o CMakeFiles/cmTC_f39dd.dir/CheckSymbolExists.c.o   -c /home/student/test_ws/build/four_wheel_steering_controller/CMakeFiles/CMakeTmp/CheckSymbolExists.c
Linking C executable cmTC_f39dd
/usr/bin/cmake -E cmake_link_script CMakeFiles/cmTC_f39dd.dir/link.txt --verbose=1
/usr/bin/cc      -rdynamic CMakeFiles/cmTC_f39dd.dir/CheckSymbolExists.c.o  -o cmTC_f39dd 
CMakeFiles/cmTC_f39dd.dir/CheckSymbolExists.c.o: In function `main':
CheckSymbolExists.c:(.text+0x1b): undefined reference to `pthread_create'
collect2: error: ld returned 1 exit status
CMakeFiles/cmTC_f39dd.dir/build.make:97: recipe for target 'cmTC_f39dd' failed
make[1]: *** [cmTC_f39dd] Error 1
make[1]: Map '/home/student/test_ws/build/four_wheel_steering_controller/CMakeFiles/CMakeTmp' wordt verlaten
Makefile:126: recipe for target 'cmTC_f39dd/fast' failed
make: *** [cmTC_f39dd/fast] Error 2

File /home/student/test_ws/build/four_wheel_steering_controller/CMakeFiles/CMakeTmp/CheckSymbolExists.c:
/* */
#include <pthread.h>

int main(int argc, char** argv)
{
  (void)argv;
#ifndef pthread_create
  return ((int*)(&pthread_create))[argc];
#else
  (void)argc;
  return 0;
#endif
}

Determining if the function pthread_create exists in the pthreads failed with the following output:
Change Dir: /home/student/test_ws/build/four_wheel_steering_controller/CMakeFiles/CMakeTmp

Run Build Command:"/usr/bin/make" "cmTC_27f5f/fast"
/usr/bin/make -f CMakeFiles/cmTC_27f5f.dir/build.make CMakeFiles/cmTC_27f5f.dir/build
make[1]: Map '/home/student/test_ws/build/four_wheel_steering_controller/CMakeFiles/CMakeTmp' wordt binnengegaan
Building C object CMakeFiles/cmTC_27f5f.dir/CheckFunctionExists.c.o
/usr/bin/cc   -DCHECK_FUNCTION_EXISTS=pthread_create   -o CMakeFiles/cmTC_27f5f.dir/CheckFunctionExists.c.o   -c /usr/share/cmake-3.10/Modules/CheckFunctionExists.c
Linking C executable cmTC_27f5f
/usr/bin/cmake -E cmake_link_script CMakeFiles/cmTC_27f5f.dir/link.txt --verbose=1
/usr/bin/cc  -DCHECK_FUNCTION_EXISTS=pthread_create    -rdynamic CMakeFiles/cmTC_27f5f.dir/CheckFunctionExists.c.o  -o cmTC_27f5f -lpthreads 
/usr/bin/ld: cannot find -lpthreads
collect2: error: ld returned 1 exit status
CMakeFiles/cmTC_27f5f.dir/build.make:97: recipe for target 'cmTC_27f5f' failed
make[1]: *** [cmTC_27f5f] Error 1
make[1]: Map '/home/student/test_ws/build/four_wheel_steering_controller/CMakeFiles/CMakeTmp' wordt verlaten
Makefile:126: recipe for target 'cmTC_27f5f/fast' failed
make: *** [cmTC_27f5f/fast] Error 2


