Determining if the pthread_create exist failed with the following output:
Change Dir: /home/student/test_ws/build/binpicking_pcl/CMakeFiles/CMakeTmp

Run Build Command:"/usr/bin/make" "cmTC_e72fc/fast"
/usr/bin/make -f CMakeFiles/cmTC_e72fc.dir/build.make CMakeFiles/cmTC_e72fc.dir/build
make[1]: Map '/home/student/test_ws/build/binpicking_pcl/CMakeFiles/CMakeTmp' wordt binnengegaan
Building C object CMakeFiles/cmTC_e72fc.dir/CheckSymbolExists.c.o
/usr/bin/cc    -o CMakeFiles/cmTC_e72fc.dir/CheckSymbolExists.c.o   -c /home/student/test_ws/build/binpicking_pcl/CMakeFiles/CMakeTmp/CheckSymbolExists.c
Linking C executable cmTC_e72fc
/usr/bin/cmake -E cmake_link_script CMakeFiles/cmTC_e72fc.dir/link.txt --verbose=1
/usr/bin/cc      -rdynamic CMakeFiles/cmTC_e72fc.dir/CheckSymbolExists.c.o  -o cmTC_e72fc 
CMakeFiles/cmTC_e72fc.dir/CheckSymbolExists.c.o: In function `main':
CheckSymbolExists.c:(.text+0x1b): undefined reference to `pthread_create'
collect2: error: ld returned 1 exit status
CMakeFiles/cmTC_e72fc.dir/build.make:97: recipe for target 'cmTC_e72fc' failed
make[1]: *** [cmTC_e72fc] Error 1
make[1]: Map '/home/student/test_ws/build/binpicking_pcl/CMakeFiles/CMakeTmp' wordt verlaten
Makefile:126: recipe for target 'cmTC_e72fc/fast' failed
make: *** [cmTC_e72fc/fast] Error 2

File /home/student/test_ws/build/binpicking_pcl/CMakeFiles/CMakeTmp/CheckSymbolExists.c:
/* */
#include <pthread.h>

int main(int argc, char** argv)
{
  (void)argv;
#ifndef pthread_create
  return ((int*)(&pthread_create))[argc];
#else
  (void)argc;
  return 0;
#endif
}

Determining if the function pthread_create exists in the pthreads failed with the following output:
Change Dir: /home/student/test_ws/build/binpicking_pcl/CMakeFiles/CMakeTmp

Run Build Command:"/usr/bin/make" "cmTC_c49e2/fast"
/usr/bin/make -f CMakeFiles/cmTC_c49e2.dir/build.make CMakeFiles/cmTC_c49e2.dir/build
make[1]: Map '/home/student/test_ws/build/binpicking_pcl/CMakeFiles/CMakeTmp' wordt binnengegaan
Building C object CMakeFiles/cmTC_c49e2.dir/CheckFunctionExists.c.o
/usr/bin/cc   -DCHECK_FUNCTION_EXISTS=pthread_create   -o CMakeFiles/cmTC_c49e2.dir/CheckFunctionExists.c.o   -c /usr/share/cmake-3.10/Modules/CheckFunctionExists.c
Linking C executable cmTC_c49e2
/usr/bin/cmake -E cmake_link_script CMakeFiles/cmTC_c49e2.dir/link.txt --verbose=1
/usr/bin/cc  -DCHECK_FUNCTION_EXISTS=pthread_create    -rdynamic CMakeFiles/cmTC_c49e2.dir/CheckFunctionExists.c.o  -o cmTC_c49e2 -lpthreads 
/usr/bin/ld: cannot find -lpthreads
collect2: error: ld returned 1 exit status
CMakeFiles/cmTC_c49e2.dir/build.make:97: recipe for target 'cmTC_c49e2' failed
make[1]: *** [cmTC_c49e2] Error 1
make[1]: Map '/home/student/test_ws/build/binpicking_pcl/CMakeFiles/CMakeTmp' wordt verlaten
Makefile:126: recipe for target 'cmTC_c49e2/fast' failed
make: *** [cmTC_c49e2/fast] Error 2


