Determining if the pthread_create exist failed with the following output:
Change Dir: /home/student/test_ws/build/effort_controllers/CMakeFiles/CMakeTmp

Run Build Command:"/usr/bin/make" "cmTC_b7251/fast"
/usr/bin/make -f CMakeFiles/cmTC_b7251.dir/build.make CMakeFiles/cmTC_b7251.dir/build
make[1]: Map '/home/student/test_ws/build/effort_controllers/CMakeFiles/CMakeTmp' wordt binnengegaan
Building C object CMakeFiles/cmTC_b7251.dir/CheckSymbolExists.c.o
/usr/bin/cc    -o CMakeFiles/cmTC_b7251.dir/CheckSymbolExists.c.o   -c /home/student/test_ws/build/effort_controllers/CMakeFiles/CMakeTmp/CheckSymbolExists.c
Linking C executable cmTC_b7251
/usr/bin/cmake -E cmake_link_script CMakeFiles/cmTC_b7251.dir/link.txt --verbose=1
/usr/bin/cc      -rdynamic CMakeFiles/cmTC_b7251.dir/CheckSymbolExists.c.o  -o cmTC_b7251 
CMakeFiles/cmTC_b7251.dir/CheckSymbolExists.c.o: In function `main':
CheckSymbolExists.c:(.text+0x1b): undefined reference to `pthread_create'
collect2: error: ld returned 1 exit status
CMakeFiles/cmTC_b7251.dir/build.make:97: recipe for target 'cmTC_b7251' failed
make[1]: *** [cmTC_b7251] Error 1
make[1]: Map '/home/student/test_ws/build/effort_controllers/CMakeFiles/CMakeTmp' wordt verlaten
Makefile:126: recipe for target 'cmTC_b7251/fast' failed
make: *** [cmTC_b7251/fast] Error 2

File /home/student/test_ws/build/effort_controllers/CMakeFiles/CMakeTmp/CheckSymbolExists.c:
/* */
#include <pthread.h>

int main(int argc, char** argv)
{
  (void)argv;
#ifndef pthread_create
  return ((int*)(&pthread_create))[argc];
#else
  (void)argc;
  return 0;
#endif
}

Determining if the function pthread_create exists in the pthreads failed with the following output:
Change Dir: /home/student/test_ws/build/effort_controllers/CMakeFiles/CMakeTmp

Run Build Command:"/usr/bin/make" "cmTC_00d5a/fast"
/usr/bin/make -f CMakeFiles/cmTC_00d5a.dir/build.make CMakeFiles/cmTC_00d5a.dir/build
make[1]: Map '/home/student/test_ws/build/effort_controllers/CMakeFiles/CMakeTmp' wordt binnengegaan
Building C object CMakeFiles/cmTC_00d5a.dir/CheckFunctionExists.c.o
/usr/bin/cc   -DCHECK_FUNCTION_EXISTS=pthread_create   -o CMakeFiles/cmTC_00d5a.dir/CheckFunctionExists.c.o   -c /usr/share/cmake-3.10/Modules/CheckFunctionExists.c
Linking C executable cmTC_00d5a
/usr/bin/cmake -E cmake_link_script CMakeFiles/cmTC_00d5a.dir/link.txt --verbose=1
/usr/bin/cc  -DCHECK_FUNCTION_EXISTS=pthread_create    -rdynamic CMakeFiles/cmTC_00d5a.dir/CheckFunctionExists.c.o  -o cmTC_00d5a -lpthreads 
/usr/bin/ld: cannot find -lpthreads
collect2: error: ld returned 1 exit status
CMakeFiles/cmTC_00d5a.dir/build.make:97: recipe for target 'cmTC_00d5a' failed
make[1]: *** [cmTC_00d5a] Error 1
make[1]: Map '/home/student/test_ws/build/effort_controllers/CMakeFiles/CMakeTmp' wordt verlaten
Makefile:126: recipe for target 'cmTC_00d5a/fast' failed
make: *** [cmTC_00d5a/fast] Error 2


