Determining if the pthread_create exist failed with the following output:
Change Dir: /home/student/test_ws/build/controller_stopper/CMakeFiles/CMakeTmp

Run Build Command:"/usr/bin/make" "cmTC_ccff5/fast"
/usr/bin/make -f CMakeFiles/cmTC_ccff5.dir/build.make CMakeFiles/cmTC_ccff5.dir/build
make[1]: Map '/home/student/test_ws/build/controller_stopper/CMakeFiles/CMakeTmp' wordt binnengegaan
Building C object CMakeFiles/cmTC_ccff5.dir/CheckSymbolExists.c.o
/usr/bin/cc    -o CMakeFiles/cmTC_ccff5.dir/CheckSymbolExists.c.o   -c /home/student/test_ws/build/controller_stopper/CMakeFiles/CMakeTmp/CheckSymbolExists.c
Linking C executable cmTC_ccff5
/usr/bin/cmake -E cmake_link_script CMakeFiles/cmTC_ccff5.dir/link.txt --verbose=1
/usr/bin/cc      -rdynamic CMakeFiles/cmTC_ccff5.dir/CheckSymbolExists.c.o  -o cmTC_ccff5 
CMakeFiles/cmTC_ccff5.dir/CheckSymbolExists.c.o: In function `main':
CheckSymbolExists.c:(.text+0x1b): undefined reference to `pthread_create'
collect2: error: ld returned 1 exit status
CMakeFiles/cmTC_ccff5.dir/build.make:97: recipe for target 'cmTC_ccff5' failed
make[1]: *** [cmTC_ccff5] Error 1
make[1]: Map '/home/student/test_ws/build/controller_stopper/CMakeFiles/CMakeTmp' wordt verlaten
Makefile:126: recipe for target 'cmTC_ccff5/fast' failed
make: *** [cmTC_ccff5/fast] Error 2

File /home/student/test_ws/build/controller_stopper/CMakeFiles/CMakeTmp/CheckSymbolExists.c:
/* */
#include <pthread.h>

int main(int argc, char** argv)
{
  (void)argv;
#ifndef pthread_create
  return ((int*)(&pthread_create))[argc];
#else
  (void)argc;
  return 0;
#endif
}

Determining if the function pthread_create exists in the pthreads failed with the following output:
Change Dir: /home/student/test_ws/build/controller_stopper/CMakeFiles/CMakeTmp

Run Build Command:"/usr/bin/make" "cmTC_c4b84/fast"
/usr/bin/make -f CMakeFiles/cmTC_c4b84.dir/build.make CMakeFiles/cmTC_c4b84.dir/build
make[1]: Map '/home/student/test_ws/build/controller_stopper/CMakeFiles/CMakeTmp' wordt binnengegaan
Building C object CMakeFiles/cmTC_c4b84.dir/CheckFunctionExists.c.o
/usr/bin/cc   -DCHECK_FUNCTION_EXISTS=pthread_create   -o CMakeFiles/cmTC_c4b84.dir/CheckFunctionExists.c.o   -c /usr/share/cmake-3.10/Modules/CheckFunctionExists.c
Linking C executable cmTC_c4b84
/usr/bin/cmake -E cmake_link_script CMakeFiles/cmTC_c4b84.dir/link.txt --verbose=1
/usr/bin/cc  -DCHECK_FUNCTION_EXISTS=pthread_create    -rdynamic CMakeFiles/cmTC_c4b84.dir/CheckFunctionExists.c.o  -o cmTC_c4b84 -lpthreads 
/usr/bin/ld: cannot find -lpthreads
collect2: error: ld returned 1 exit status
CMakeFiles/cmTC_c4b84.dir/build.make:97: recipe for target 'cmTC_c4b84' failed
make[1]: *** [cmTC_c4b84] Error 1
make[1]: Map '/home/student/test_ws/build/controller_stopper/CMakeFiles/CMakeTmp' wordt verlaten
Makefile:126: recipe for target 'cmTC_c4b84/fast' failed
make: *** [cmTC_c4b84/fast] Error 2


