Determining if the pthread_create exist failed with the following output:
Change Dir: /home/student/test_ws/build/ur_bringup/CMakeFiles/CMakeTmp

Run Build Command:"/usr/bin/make" "cmTC_2a1da/fast"
/usr/bin/make -f CMakeFiles/cmTC_2a1da.dir/build.make CMakeFiles/cmTC_2a1da.dir/build
make[1]: Map '/home/student/test_ws/build/ur_bringup/CMakeFiles/CMakeTmp' wordt binnengegaan
Building C object CMakeFiles/cmTC_2a1da.dir/CheckSymbolExists.c.o
/usr/bin/cc    -o CMakeFiles/cmTC_2a1da.dir/CheckSymbolExists.c.o   -c /home/student/test_ws/build/ur_bringup/CMakeFiles/CMakeTmp/CheckSymbolExists.c
Linking C executable cmTC_2a1da
/usr/bin/cmake -E cmake_link_script CMakeFiles/cmTC_2a1da.dir/link.txt --verbose=1
/usr/bin/cc      -rdynamic CMakeFiles/cmTC_2a1da.dir/CheckSymbolExists.c.o  -o cmTC_2a1da 
CMakeFiles/cmTC_2a1da.dir/CheckSymbolExists.c.o: In function `main':
CheckSymbolExists.c:(.text+0x1b): undefined reference to `pthread_create'
collect2: error: ld returned 1 exit status
CMakeFiles/cmTC_2a1da.dir/build.make:97: recipe for target 'cmTC_2a1da' failed
make[1]: *** [cmTC_2a1da] Error 1
make[1]: Map '/home/student/test_ws/build/ur_bringup/CMakeFiles/CMakeTmp' wordt verlaten
Makefile:126: recipe for target 'cmTC_2a1da/fast' failed
make: *** [cmTC_2a1da/fast] Error 2

File /home/student/test_ws/build/ur_bringup/CMakeFiles/CMakeTmp/CheckSymbolExists.c:
/* */
#include <pthread.h>

int main(int argc, char** argv)
{
  (void)argv;
#ifndef pthread_create
  return ((int*)(&pthread_create))[argc];
#else
  (void)argc;
  return 0;
#endif
}

Determining if the function pthread_create exists in the pthreads failed with the following output:
Change Dir: /home/student/test_ws/build/ur_bringup/CMakeFiles/CMakeTmp

Run Build Command:"/usr/bin/make" "cmTC_0d093/fast"
/usr/bin/make -f CMakeFiles/cmTC_0d093.dir/build.make CMakeFiles/cmTC_0d093.dir/build
make[1]: Map '/home/student/test_ws/build/ur_bringup/CMakeFiles/CMakeTmp' wordt binnengegaan
Building C object CMakeFiles/cmTC_0d093.dir/CheckFunctionExists.c.o
/usr/bin/cc   -DCHECK_FUNCTION_EXISTS=pthread_create   -o CMakeFiles/cmTC_0d093.dir/CheckFunctionExists.c.o   -c /usr/share/cmake-3.10/Modules/CheckFunctionExists.c
Linking C executable cmTC_0d093
/usr/bin/cmake -E cmake_link_script CMakeFiles/cmTC_0d093.dir/link.txt --verbose=1
/usr/bin/cc  -DCHECK_FUNCTION_EXISTS=pthread_create    -rdynamic CMakeFiles/cmTC_0d093.dir/CheckFunctionExists.c.o  -o cmTC_0d093 -lpthreads 
/usr/bin/ld: cannot find -lpthreads
collect2: error: ld returned 1 exit status
CMakeFiles/cmTC_0d093.dir/build.make:97: recipe for target 'cmTC_0d093' failed
make[1]: *** [cmTC_0d093] Error 1
make[1]: Map '/home/student/test_ws/build/ur_bringup/CMakeFiles/CMakeTmp' wordt verlaten
Makefile:126: recipe for target 'cmTC_0d093/fast' failed
make: *** [cmTC_0d093/fast] Error 2


