Determining if the pthread_create exist failed with the following output:
Change Dir: /home/student/test_ws/build/robotiq_3f_rviz/CMakeFiles/CMakeTmp

Run Build Command:"/usr/bin/make" "cmTC_2cd1d/fast"
/usr/bin/make -f CMakeFiles/cmTC_2cd1d.dir/build.make CMakeFiles/cmTC_2cd1d.dir/build
make[1]: Map '/home/student/test_ws/build/robotiq_3f_rviz/CMakeFiles/CMakeTmp' wordt binnengegaan
Building C object CMakeFiles/cmTC_2cd1d.dir/CheckSymbolExists.c.o
/usr/bin/cc    -o CMakeFiles/cmTC_2cd1d.dir/CheckSymbolExists.c.o   -c /home/student/test_ws/build/robotiq_3f_rviz/CMakeFiles/CMakeTmp/CheckSymbolExists.c
Linking C executable cmTC_2cd1d
/usr/bin/cmake -E cmake_link_script CMakeFiles/cmTC_2cd1d.dir/link.txt --verbose=1
/usr/bin/cc      -rdynamic CMakeFiles/cmTC_2cd1d.dir/CheckSymbolExists.c.o  -o cmTC_2cd1d 
CMakeFiles/cmTC_2cd1d.dir/CheckSymbolExists.c.o: In function `main':
CheckSymbolExists.c:(.text+0x1b): undefined reference to `pthread_create'
collect2: error: ld returned 1 exit status
CMakeFiles/cmTC_2cd1d.dir/build.make:97: recipe for target 'cmTC_2cd1d' failed
make[1]: *** [cmTC_2cd1d] Error 1
make[1]: Map '/home/student/test_ws/build/robotiq_3f_rviz/CMakeFiles/CMakeTmp' wordt verlaten
Makefile:126: recipe for target 'cmTC_2cd1d/fast' failed
make: *** [cmTC_2cd1d/fast] Error 2

File /home/student/test_ws/build/robotiq_3f_rviz/CMakeFiles/CMakeTmp/CheckSymbolExists.c:
/* */
#include <pthread.h>

int main(int argc, char** argv)
{
  (void)argv;
#ifndef pthread_create
  return ((int*)(&pthread_create))[argc];
#else
  (void)argc;
  return 0;
#endif
}

Determining if the function pthread_create exists in the pthreads failed with the following output:
Change Dir: /home/student/test_ws/build/robotiq_3f_rviz/CMakeFiles/CMakeTmp

Run Build Command:"/usr/bin/make" "cmTC_cf94d/fast"
/usr/bin/make -f CMakeFiles/cmTC_cf94d.dir/build.make CMakeFiles/cmTC_cf94d.dir/build
make[1]: Map '/home/student/test_ws/build/robotiq_3f_rviz/CMakeFiles/CMakeTmp' wordt binnengegaan
Building C object CMakeFiles/cmTC_cf94d.dir/CheckFunctionExists.c.o
/usr/bin/cc   -DCHECK_FUNCTION_EXISTS=pthread_create   -o CMakeFiles/cmTC_cf94d.dir/CheckFunctionExists.c.o   -c /usr/share/cmake-3.10/Modules/CheckFunctionExists.c
Linking C executable cmTC_cf94d
/usr/bin/cmake -E cmake_link_script CMakeFiles/cmTC_cf94d.dir/link.txt --verbose=1
/usr/bin/cc  -DCHECK_FUNCTION_EXISTS=pthread_create    -rdynamic CMakeFiles/cmTC_cf94d.dir/CheckFunctionExists.c.o  -o cmTC_cf94d -lpthreads 
/usr/bin/ld: cannot find -lpthreads
collect2: error: ld returned 1 exit status
CMakeFiles/cmTC_cf94d.dir/build.make:97: recipe for target 'cmTC_cf94d' failed
make[1]: *** [cmTC_cf94d] Error 1
make[1]: Map '/home/student/test_ws/build/robotiq_3f_rviz/CMakeFiles/CMakeTmp' wordt verlaten
Makefile:126: recipe for target 'cmTC_cf94d/fast' failed
make: *** [cmTC_cf94d/fast] Error 2


