[01m[K/home/student/test_ws/src/Binpick/binpicking_pcl/src/calculate_objectpose_from_pointcloud.cpp:11:10:[m[K [01;31m[Kfatal error: [m[Kconditional_removal.h: Bestand of map bestaat niet
 #include [01;31m[K<conditional_removal.h>[m[K
          [01;31m[K^~~~~~~~~~~~~~~~~~~~~~~[m[K
compilation terminated.
make[2]: *** [CMakeFiles/calculate_objectpose_from_pointcloud.dir/src/calculate_objectpose_from_pointcloud.cpp.o] Error 1
make[2]: *** Wachten op onvoltooide taken...
In file included from [01m[K/home/student/test_ws/src/Binpick/binpicking_pcl/src/calculate_objectpose_from_pointcloud_main.cpp:24:0[m[K:
[01m[K/usr/include/pcl-1.8/pcl/visualization/cloud_viewer.h:202:14:[m[K [01;35m[Kwarning: [m[K‘[01m[Ktemplate<class> class std::auto_ptr[m[K’ is deprecated [[01;35m[K-Wdeprecated-declarations[m[K]
         std::[01;35m[Kauto_ptr[m[K<CloudViewer_impl> impl_;
              [01;35m[K^~~~~~~~[m[K
In file included from [01m[K/usr/include/c++/7/bits/locale_conv.h:41:0[m[K,
                 from [01m[K/usr/include/c++/7/locale:43[m[K,
                 from [01m[K/usr/include/c++/7/iomanip:43[m[K,
                 from [01m[K/usr/include/boost/math/policies/error_handling.hpp:12[m[K,
                 from [01m[K/usr/include/boost/math/special_functions/round.hpp:14[m[K,
                 from [01m[K/opt/ros/melodic/include/ros/time.h:58[m[K,
                 from [01m[K/opt/ros/melodic/include/ros/ros.h:38[m[K,
                 from [01m[K/home/student/test_ws/src/Binpick/binpicking_pcl/src/calculate_objectpose_from_pointcloud_main.cpp:1[m[K:
[01m[K/usr/include/c++/7/bits/unique_ptr.h:51:28:[m[K [01;36m[Knote: [m[Kdeclared here
   template<typename> class [01;36m[Kauto_ptr[m[K;
                            [01;36m[K^~~~~~~~[m[K
make[1]: *** [CMakeFiles/calculate_objectpose_from_pointcloud.dir/all] Error 2
make: *** [all] Error 2
