Symlinking /home/student/test_ws/devel/include/binpicking_msgs/CalculateObjectposeFromPointcloudRequest.h
Symlinking /home/student/test_ws/devel/include/binpicking_msgs/CalculateObjectposeFromPointcloudResponse.h
Symlinking /home/student/test_ws/devel/include/binpicking_msgs/CapturePointcloud.h
Symlinking /home/student/test_ws/devel/include/binpicking_msgs/CapturePointcloudRequest.h
Symlinking /home/student/test_ws/devel/include/binpicking_msgs/CalculateObjectposeFromPointcloud.h
Symlinking /home/student/test_ws/devel/include/binpicking_msgs/CapturePointcloudResponse.h
Symlinking /home/student/test_ws/devel/lib/pkgconfig/binpicking_msgs.pc
Symlinking /home/student/test_ws/devel/lib/python2.7/dist-packages/binpicking_msgs/__init__.py
Symlinking /home/student/test_ws/devel/lib/python2.7/dist-packages/binpicking_msgs/srv/_CapturePointcloud.py
Symlinking /home/student/test_ws/devel/lib/python2.7/dist-packages/binpicking_msgs/srv/_CalculateObjectposeFromPointcloud.py
Symlinking /home/student/test_ws/devel/lib/python2.7/dist-packages/binpicking_msgs/srv/__init__.py
Symlinking /home/student/test_ws/devel/share/roseus/ros/binpicking_msgs/manifest.l
Symlinking /home/student/test_ws/devel/share/roseus/ros/binpicking_msgs/srv/CapturePointcloud.l
Symlinking /home/student/test_ws/devel/share/roseus/ros/binpicking_msgs/srv/CalculateObjectposeFromPointcloud.l
Symlinking /home/student/test_ws/devel/share/gennodejs/ros/binpicking_msgs/_index.js
Symlinking /home/student/test_ws/devel/share/gennodejs/ros/binpicking_msgs/srv/CalculateObjectposeFromPointcloud.js
Symlinking /home/student/test_ws/devel/share/gennodejs/ros/binpicking_msgs/srv/CapturePointcloud.js
Symlinking /home/student/test_ws/devel/share/gennodejs/ros/binpicking_msgs/srv/_index.js
Symlinking /home/student/test_ws/devel/share/binpicking_msgs/cmake/binpicking_msgsConfig-version.cmake
Symlinking /home/student/test_ws/devel/share/binpicking_msgs/cmake/binpicking_msgs-msg-paths.cmake
Symlinking /home/student/test_ws/devel/share/binpicking_msgs/cmake/binpicking_msgs-msg-extras.cmake
Symlinking /home/student/test_ws/devel/share/binpicking_msgs/cmake/binpicking_msgsConfig.cmake
Symlinking /home/student/test_ws/devel/share/common-lisp/ros/binpicking_msgs/srv/binpicking_msgs-srv.asd
Symlinking /home/student/test_ws/devel/share/common-lisp/ros/binpicking_msgs/srv/CapturePointcloud.lisp
Symlinking /home/student/test_ws/devel/share/common-lisp/ros/binpicking_msgs/srv/_package_CalculateObjectposeFromPointcloud.lisp
Symlinking /home/student/test_ws/devel/share/common-lisp/ros/binpicking_msgs/srv/_package.lisp
Symlinking /home/student/test_ws/devel/share/common-lisp/ros/binpicking_msgs/srv/CalculateObjectposeFromPointcloud.lisp
Symlinking /home/student/test_ws/devel/share/common-lisp/ros/binpicking_msgs/srv/_package_CapturePointcloud.lisp
